[+] Containers:
 |- [+] Container: /Game/Levels/DynamicSynth
 |   |- [+] ActorDescs:
 |   |   |- Guid:15C1733B4BF0C7A9F112F5BB11850222 BaseClass: NativeClass:/Script/Engine.TriggerVolume Name:TriggerVolume_UAID_244BFE031DC87CDA01_2144918191 Label:KickTrigger SpatiallyLoaded:1 Bounds:IsValid=true, Min=(X=1500.000 Y=220.000 Z=0.000), Max=(X=1700.000 Y=420.000 Z=200.000) RuntimeGrid:None EditorOnly:0 RuntimeOnly:0 HLODRelevant:0 FolderPath:Triggers FolderGuid:A23CAE814BEE2922BC2DAF816BC622E1
 |   |   |- Guid:17CF902F489AD5A3D624FFBB4B27AAA0 BaseClass: NativeClass:/Script/Engine.StaticMeshActor Name:StaticMeshActor_UAID_244BFE031DC87EDA01_1262798543 Label:BassCube SpatiallyLoaded:1 Bounds:IsValid=true, Min=(X=1520.000 Y=1000.000 Z=-50.000), Max=(X=1620.000 Y=1100.000 Z=50.000) RuntimeGrid:None EditorOnly:0 RuntimeOnly:0 HLODRelevant:1 FolderPath:Triggers FolderGuid:A23CAE814BEE2922BC2DAF816BC622E1
 |   |   |- Guid:184F55004CECDAFC2060549662A150FF BaseClass: NativeClass:/Script/Engine.TriggerVolume Name:TriggerVolume_UAID_244BFE031DC87CDA01_2147244192 Label:BassTrigger SpatiallyLoaded:1 Bounds:IsValid=true, Min=(X=1480.000 Y=950.000 Z=0.000), Max=(X=1680.000 Y=1150.000 Z=200.000) RuntimeGrid:None EditorOnly:0 RuntimeOnly:0 HLODRelevant:0 FolderPath:Triggers FolderGuid:A23CAE814BEE2922BC2DAF816BC622E1
 |   |   |- Guid:1EA1DA478146D9F763CC00B9F51024BC BaseClass: NativeClass:/Script/Engine.StaticMeshActor Name:StaticMeshActor_UAID_1C57DC5FD03071DB01_1247654313 Label:HHCube SpatiallyLoaded:1 Bounds:IsValid=true, Min=(X=1520.000 Y=640.000 Z=-50.000), Max=(X=1620.000 Y=740.000 Z=50.000) RuntimeGrid:None EditorOnly:0 RuntimeOnly:0 HLODRelevant:1 FolderPath:Triggers FolderGuid:A23CAE814BEE2922BC2DAF816BC622E1
 |   |   |- Guid:1FCDE5C54791BAA8271B19A772547F73 BaseClass: NativeClass:/Script/Engine.TriggerVolume Name:TriggerVolume_UAID_244BFE031DC88FDA01_1499919536 Label:BPMTrigger SpatiallyLoaded:1 Bounds:IsValid=true, Min=(X=2210.000 Y=590.000 Z=0.000), Max=(X=2410.000 Y=790.000 Z=200.000) RuntimeGrid:None EditorOnly:0 RuntimeOnly:0 HLODRelevant:0 FolderPath:Triggers FolderGuid:A23CAE814BEE2922BC2DAF816BC622E1
 |   |   |- Guid:37B2398C44A835C5B1580E930878D7DF BaseClass: NativeClass:/Script/Engine.WorldDataLayers Name:WorldDataLayers Label:WorldDataLayers SpatiallyLoaded:0 Bounds:IsValid=true, Min=(X=0.000 Y=0.000 Z=0.000), Max=(X=0.000 Y=0.000 Z=0.000) RuntimeGrid:None EditorOnly:0 RuntimeOnly:0 HLODRelevant:0
 |   |   |- Guid:456D14E944748AC5D87AFE8D1AECED7E BaseClass: NativeClass:/Script/Engine.StaticMeshActor Name:StaticMeshActor_1 Label:SM_Cube SpatiallyLoaded:1 Bounds:IsValid=true, Min=(X=0.000 Y=0.000 Z=-50.000), Max=(X=3000.000 Y=1344.250 Z=0.000) RuntimeGrid:None EditorOnly:0 RuntimeOnly:0 HLODRelevant:1 FolderPath:Environment FolderGuid:4B332A374DAF5B4447D4DDB72E568994
 |   |   |- Guid:4CC443604B28CD647B5CA4860EB49E9C BaseClass: NativeClass:/Script/Engine.TextRenderActor Name:TextRenderActor_UAID_244BFE031DC815DB01_1291772121 Label:TextRenderActor4 SpatiallyLoaded:1 Bounds:IsValid=true, Min=(X=2360.000 Y=680.000 Z=150.000), Max=(X=2360.000 Y=727.000 Z=176.000) RuntimeGrid:None EditorOnly:0 RuntimeOnly:0 HLODRelevant:0 FolderPath:Triggers FolderGuid:A23CAE814BEE2922BC2DAF816BC622E1
 |   |   |- Guid:63CDE57A4DE204D22E67CF883903F638 BaseClass: NativeClass:/Script/Engine.StaticMeshActor Name:StaticMeshActor_0 Label:SM_Cube5 SpatiallyLoaded:1 Bounds:IsValid=true, Min=(X=-0.000 Y=100.000 Z=0.000), Max=(X=100.000 Y=1400.000 Z=400.000) RuntimeGrid:None EditorOnly:0 RuntimeOnly:0 HLODRelevant:1 FolderPath:Environment FolderGuid:4B332A374DAF5B4447D4DDB72E568994
 |   |   |- Guid:726E02E6DE4DB808AEAE88BAB363060A BaseClass: NativeClass:/Script/Engine.TriggerVolume Name:TriggerVolume_UAID_1C57DC5FD03071DB01_1247652312 Label:HHTrigger SpatiallyLoaded:1 Bounds:IsValid=true, Min=(X=1470.000 Y=590.000 Z=0.000), Max=(X=1670.000 Y=790.000 Z=200.000) RuntimeGrid:None EditorOnly:0 RuntimeOnly:0 HLODRelevant:0 FolderPath:Triggers FolderGuid:A23CAE814BEE2922BC2DAF816BC622E1
 |   |   |- Guid:73343BD3458B054FA5AD729E2F162EAF BaseClass: NativeClass:/Script/Engine.StaticMeshActor Name:StaticMeshActor_UAID_244BFE031DC87EDA01_1266202544 Label:KickCube SpatiallyLoaded:1 Bounds:IsValid=true, Min=(X=1520.000 Y=280.000 Z=-50.000), Max=(X=1620.000 Y=380.000 Z=50.000) RuntimeGrid:None EditorOnly:0 RuntimeOnly:0 HLODRelevant:1 FolderPath:Triggers FolderGuid:A23CAE814BEE2922BC2DAF816BC622E1
 |   |   |- Guid:7F963CB24768D984D531B9B65932E36C BaseClass: NativeClass:/Script/Engine.StaticMeshActor Name:StaticMeshActor_6 Label:SM_Cube3 SpatiallyLoaded:1 Bounds:IsValid=true, Min=(X=0.000 Y=1340.000 Z=0.000), Max=(X=3000.000 Y=1440.000 Z=400.000) RuntimeGrid:None EditorOnly:0 RuntimeOnly:0 HLODRelevant:1 FolderPath:Environment FolderGuid:4B332A374DAF5B4447D4DDB72E568994
 |   |   |- Guid:821F0BC4491D88DC2E719C84645184CA BaseClass: NativeClass:/Script/Engine.SkyLight Name:SkyLight_1 Label:SkyLight SpatiallyLoaded:0 Bounds:IsValid=true, Min=(X=0.000 Y=0.000 Z=690.000), Max=(X=0.000 Y=0.000 Z=690.000) RuntimeGrid:None EditorOnly:0 RuntimeOnly:0 HLODRelevant:0 FolderPath:Lighting FolderGuid:8A12BBB54BAFA127CA82D6A493C2B55D
 |   |   |- Guid:8724B87B43604787BE9122AB518FC290 BaseClass: NativeClass:/Script/Engine.StaticMeshActor Name:StaticMeshActor_5 Label:SM_Cube2 SpatiallyLoaded:1 Bounds:IsValid=true, Min=(X=0.000 Y=0.000 Z=0.000), Max=(X=3000.000 Y=100.000 Z=400.000) RuntimeGrid:None EditorOnly:0 RuntimeOnly:0 HLODRelevant:1 FolderPath:Environment FolderGuid:4B332A374DAF5B4447D4DDB72E568994
 |   |   |- Guid:93C208FB4A4E7A77D7D1BBB082C1DFCE BaseClass: NativeClass:/Script/Engine.VolumetricCloud Name:VolumetricCloud_0 Label:VolumetricCloud SpatiallyLoaded:0 Bounds:IsValid=true, Min=(X=0.000 Y=0.000 Z=820.000), Max=(X=0.000 Y=0.000 Z=820.000) RuntimeGrid:None EditorOnly:0 RuntimeOnly:0 HLODRelevant:0 FolderPath:Lighting FolderGuid:8A12BBB54BAFA127CA82D6A493C2B55D
 |   |   |- Guid:969D707548014856422693B978F27168 BaseClass: NativeClass:/Script/Engine.PostProcessVolume Name:PostProcessVolume_0 Label:PostProcessVolume SpatiallyLoaded:0 Bounds:IsValid=true, Min=(X=0.000 Y=0.000 Z=400.000), Max=(X=200.000 Y=200.000 Z=600.000) RuntimeGrid:None EditorOnly:0 RuntimeOnly:0 HLODRelevant:0 FolderPath:Lighting FolderGuid:8A12BBB54BAFA127CA82D6A493C2B55D
 |   |   |- Guid:9A88F4CE46DAB82EA5BD089E39C70368 BaseClass: NativeClass:/Script/Engine.StaticMeshActor Name:StaticMeshActor_UAID_A4AE111137DC5EFB00_1110535423 Label:SM_SkySphere SpatiallyLoaded:0 Bounds:IsValid=true, Min=(X=-1638400.000 Y=-1638400.000 Z=-1638400.000), Max=(X=1638400.000 Y=1638400.000 Z=1638400.000) RuntimeGrid:None EditorOnly:0 RuntimeOnly:0 HLODRelevant:1 FolderPath:Lighting FolderGuid:8A12BBB54BAFA127CA82D6A493C2B55D
 |   |   |- Guid:9A8E5E7A426CDFDE5D5E11A321380E59 BaseClass: NativeClass:/Script/Engine.DirectionalLight Name:DirectionalLight_0 Label:DirectionalLight SpatiallyLoaded:0 Bounds:IsValid=true, Min=(X=-4398046511104.000 Y=-4398046511104.000 Z=-4398046511104.000), Max=(X=4398046511104.000 Y=4398046511104.000 Z=4398046511104.000) RuntimeGrid:None EditorOnly:0 RuntimeOnly:0 HLODRelevant:0 FolderPath:Lighting FolderGuid:8A12BBB54BAFA127CA82D6A493C2B55D
 |   |   |- Guid:9B8106A74A3DED8E22EC829D4E7A4011 BaseClass: NativeClass:/Script/Engine.ExponentialHeightFog Name:ExponentialHeightFog_0 Label:ExponentialHeightFog SpatiallyLoaded:0 Bounds:IsValid=true, Min=(X=-5600.000 Y=-50.000 Z=-6850.000), Max=(X=-5600.000 Y=-50.000 Z=-6850.000) RuntimeGrid:None EditorOnly:0 RuntimeOnly:0 HLODRelevant:0 FolderPath:Lighting FolderGuid:8A12BBB54BAFA127CA82D6A493C2B55D
 |   |   |- Guid:B82ED1CC479D323298D8AD8C0A2B282F BaseClass: NativeClass:/Script/Engine.TextRenderActor Name:TextRenderActor_UAID_244BFE031DC88FDA01_1264552535 Label:TextRenderActor2 SpatiallyLoaded:1 Bounds:IsValid=true, Min=(X=1630.000 Y=300.000 Z=150.000), Max=(X=1630.000 Y=343.000 Z=176.000) RuntimeGrid:None EditorOnly:0 RuntimeOnly:0 HLODRelevant:0 FolderPath:Triggers FolderGuid:A23CAE814BEE2922BC2DAF816BC622E1
 |   |   |- Guid:BDF63FCB4CBC05720D971B9032962A6B BaseClass: NativeClass:/Script/Engine.TextRenderActor Name:TextRenderActor_UAID_244BFE031DC815DB01_1272065120 Label:TextRenderActor3 SpatiallyLoaded:1 Bounds:IsValid=true, Min=(X=1660.000 Y=1050.000 Z=150.000), Max=(X=1660.000 Y=1098.000 Z=176.000) RuntimeGrid:None EditorOnly:0 RuntimeOnly:0 HLODRelevant:0 FolderPath:Triggers FolderGuid:A23CAE814BEE2922BC2DAF816BC622E1
 |   |   |- Guid:BFEE978CE14CD3D20A3A0CB70DCF7758 BaseClass: NativeClass:/Script/Engine.TextRenderActor Name:TextRenderActor_UAID_1C57DC5FD03071DB01_1247650311 Label:TextRenderActor5 SpatiallyLoaded:1 Bounds:IsValid=true, Min=(X=1660.000 Y=690.000 Z=150.000), Max=(X=1660.000 Y=722.000 Z=176.000) RuntimeGrid:None EditorOnly:0 RuntimeOnly:0 HLODRelevant:0 FolderPath:Triggers FolderGuid:A23CAE814BEE2922BC2DAF816BC622E1
 |   |   |- Guid:D55EA1FC43DC0B2B0298BEB23CEA93D6 BaseClass: NativeClass:/Script/Engine.PlayerStart Name:PlayerStart_0 Label:PlayerStart SpatiallyLoaded:0 Bounds:IsValid=true, Min=(X=430.000 Y=660.000 Z=0.013), Max=(X=510.000 Y=740.000 Z=184.013) RuntimeGrid:None EditorOnly:0 RuntimeOnly:0 HLODRelevant:0
 |   |   |- Guid:DE73A19D49776AD1E4F6628D56DD1F0A BaseClass: NativeClass:/Script/Engine.StaticMeshActor Name:StaticMeshActor_4 Label:SM_Cube6 SpatiallyLoaded:1 Bounds:IsValid=true, Min=(X=2900.000 Y=100.000 Z=0.000), Max=(X=3000.000 Y=1400.000 Z=400.000) RuntimeGrid:None EditorOnly:0 RuntimeOnly:0 HLODRelevant:1 FolderPath:Environment FolderGuid:4B332A374DAF5B4447D4DDB72E568994
 |   |   |- Guid:E16B4937426ADA2355FB8697F1157F19 BaseClass: NativeClass:/Script/Engine.StaticMeshActor Name:StaticMeshActor_UAID_244BFE031DC815DB01_1224988119 Label:BPMCube SpatiallyLoaded:1 Bounds:IsValid=true, Min=(X=2260.000 Y=640.000 Z=-50.000), Max=(X=2360.000 Y=740.000 Z=50.000) RuntimeGrid:None EditorOnly:0 RuntimeOnly:0 HLODRelevant:1 FolderPath:Triggers FolderGuid:A23CAE814BEE2922BC2DAF816BC622E1
 |   |   |- Guid:FE59F1D74482068B63B8E29B5D1860A1 BaseClass: NativeClass:/Script/Engine.SkyAtmosphere Name:SkyAtmosphere_0 Label:SkyAtmosphere SpatiallyLoaded:0 Bounds:IsValid=true, Min=(X=0.000 Y=0.000 Z=1020.000), Max=(X=0.000 Y=0.000 Z=1020.000) RuntimeGrid:None EditorOnly:0 RuntimeOnly:0 HLODRelevant:0 FolderPath:Lighting FolderGuid:8A12BBB54BAFA127CA82D6A493C2B55D
 |   |- [+] Clusters:
 |   |   |- [+] [  0]
 |   |   |   |- Guid:37B2398C44A835C5B1580E930878D7DF BaseClass: NativeClass:/Script/Engine.WorldDataLayers Name:WorldDataLayers Label:WorldDataLayers SpatiallyLoaded:0 Bounds:IsValid=true, Min=(X=0.000 Y=0.000 Z=0.000), Max=(X=0.000 Y=0.000 Z=0.000) RuntimeGrid:None EditorOnly:0 RuntimeOnly:0 HLODRelevant:0
 |   |   |- [+] [  1]
 |   |   |   |- Guid:FE59F1D74482068B63B8E29B5D1860A1 BaseClass: NativeClass:/Script/Engine.SkyAtmosphere Name:SkyAtmosphere_0 Label:SkyAtmosphere SpatiallyLoaded:0 Bounds:IsValid=true, Min=(X=0.000 Y=0.000 Z=1020.000), Max=(X=0.000 Y=0.000 Z=1020.000) RuntimeGrid:None EditorOnly:0 RuntimeOnly:0 HLODRelevant:0 FolderPath:Lighting FolderGuid:8A12BBB54BAFA127CA82D6A493C2B55D
 |   |   |- [+] [  2]
 |   |   |   |- Guid:BDF63FCB4CBC05720D971B9032962A6B BaseClass: NativeClass:/Script/Engine.TextRenderActor Name:TextRenderActor_UAID_244BFE031DC815DB01_1272065120 Label:TextRenderActor3 SpatiallyLoaded:1 Bounds:IsValid=true, Min=(X=1660.000 Y=1050.000 Z=150.000), Max=(X=1660.000 Y=1098.000 Z=176.000) RuntimeGrid:None EditorOnly:0 RuntimeOnly:0 HLODRelevant:0 FolderPath:Triggers FolderGuid:A23CAE814BEE2922BC2DAF816BC622E1
 |   |   |- [+] [  3]
 |   |   |   |- Guid:93C208FB4A4E7A77D7D1BBB082C1DFCE BaseClass: NativeClass:/Script/Engine.VolumetricCloud Name:VolumetricCloud_0 Label:VolumetricCloud SpatiallyLoaded:0 Bounds:IsValid=true, Min=(X=0.000 Y=0.000 Z=820.000), Max=(X=0.000 Y=0.000 Z=820.000) RuntimeGrid:None EditorOnly:0 RuntimeOnly:0 HLODRelevant:0 FolderPath:Lighting FolderGuid:8A12BBB54BAFA127CA82D6A493C2B55D
 |   |   |- [+] [  4]
 |   |   |   |- Guid:9A88F4CE46DAB82EA5BD089E39C70368 BaseClass: NativeClass:/Script/Engine.StaticMeshActor Name:StaticMeshActor_UAID_A4AE111137DC5EFB00_1110535423 Label:SM_SkySphere SpatiallyLoaded:0 Bounds:IsValid=true, Min=(X=-1638400.000 Y=-1638400.000 Z=-1638400.000), Max=(X=1638400.000 Y=1638400.000 Z=1638400.000) RuntimeGrid:None EditorOnly:0 RuntimeOnly:0 HLODRelevant:1 FolderPath:Lighting FolderGuid:8A12BBB54BAFA127CA82D6A493C2B55D
 |   |   |- [+] [  5]
 |   |   |   |- Guid:9A8E5E7A426CDFDE5D5E11A321380E59 BaseClass: NativeClass:/Script/Engine.DirectionalLight Name:DirectionalLight_0 Label:DirectionalLight SpatiallyLoaded:0 Bounds:IsValid=true, Min=(X=-4398046511104.000 Y=-4398046511104.000 Z=-4398046511104.000), Max=(X=4398046511104.000 Y=4398046511104.000 Z=4398046511104.000) RuntimeGrid:None EditorOnly:0 RuntimeOnly:0 HLODRelevant:0 FolderPath:Lighting FolderGuid:8A12BBB54BAFA127CA82D6A493C2B55D
 |   |   |- [+] [  6]
 |   |   |   |- Guid:63CDE57A4DE204D22E67CF883903F638 BaseClass: NativeClass:/Script/Engine.StaticMeshActor Name:StaticMeshActor_0 Label:SM_Cube5 SpatiallyLoaded:1 Bounds:IsValid=true, Min=(X=-0.000 Y=100.000 Z=0.000), Max=(X=100.000 Y=1400.000 Z=400.000) RuntimeGrid:None EditorOnly:0 RuntimeOnly:0 HLODRelevant:1 FolderPath:Environment FolderGuid:4B332A374DAF5B4447D4DDB72E568994
 |   |   |- [+] [  7]
 |   |   |   |- Guid:73343BD3458B054FA5AD729E2F162EAF BaseClass: NativeClass:/Script/Engine.StaticMeshActor Name:StaticMeshActor_UAID_244BFE031DC87EDA01_1266202544 Label:KickCube SpatiallyLoaded:1 Bounds:IsValid=true, Min=(X=1520.000 Y=280.000 Z=-50.000), Max=(X=1620.000 Y=380.000 Z=50.000) RuntimeGrid:None EditorOnly:0 RuntimeOnly:0 HLODRelevant:1 FolderPath:Triggers FolderGuid:A23CAE814BEE2922BC2DAF816BC622E1
 |   |   |- [+] [  8]
 |   |   |   |- Guid:E16B4937426ADA2355FB8697F1157F19 BaseClass: NativeClass:/Script/Engine.StaticMeshActor Name:StaticMeshActor_UAID_244BFE031DC815DB01_1224988119 Label:BPMCube SpatiallyLoaded:1 Bounds:IsValid=true, Min=(X=2260.000 Y=640.000 Z=-50.000), Max=(X=2360.000 Y=740.000 Z=50.000) RuntimeGrid:None EditorOnly:0 RuntimeOnly:0 HLODRelevant:1 FolderPath:Triggers FolderGuid:A23CAE814BEE2922BC2DAF816BC622E1
 |   |   |- [+] [  9]
 |   |   |   |- Guid:1EA1DA478146D9F763CC00B9F51024BC BaseClass: NativeClass:/Script/Engine.StaticMeshActor Name:StaticMeshActor_UAID_1C57DC5FD03071DB01_1247654313 Label:HHCube SpatiallyLoaded:1 Bounds:IsValid=true, Min=(X=1520.000 Y=640.000 Z=-50.000), Max=(X=1620.000 Y=740.000 Z=50.000) RuntimeGrid:None EditorOnly:0 RuntimeOnly:0 HLODRelevant:1 FolderPath:Triggers FolderGuid:A23CAE814BEE2922BC2DAF816BC622E1
 |   |   |- [+] [ 10]
 |   |   |   |- Guid:1FCDE5C54791BAA8271B19A772547F73 BaseClass: NativeClass:/Script/Engine.TriggerVolume Name:TriggerVolume_UAID_244BFE031DC88FDA01_1499919536 Label:BPMTrigger SpatiallyLoaded:1 Bounds:IsValid=true, Min=(X=2210.000 Y=590.000 Z=0.000), Max=(X=2410.000 Y=790.000 Z=200.000) RuntimeGrid:None EditorOnly:0 RuntimeOnly:0 HLODRelevant:0 FolderPath:Triggers FolderGuid:A23CAE814BEE2922BC2DAF816BC622E1
 |   |   |- [+] [ 11]
 |   |   |   |- Guid:15C1733B4BF0C7A9F112F5BB11850222 BaseClass: NativeClass:/Script/Engine.TriggerVolume Name:TriggerVolume_UAID_244BFE031DC87CDA01_2144918191 Label:KickTrigger SpatiallyLoaded:1 Bounds:IsValid=true, Min=(X=1500.000 Y=220.000 Z=0.000), Max=(X=1700.000 Y=420.000 Z=200.000) RuntimeGrid:None EditorOnly:0 RuntimeOnly:0 HLODRelevant:0 FolderPath:Triggers FolderGuid:A23CAE814BEE2922BC2DAF816BC622E1
 |   |   |- [+] [ 12]
 |   |   |   |- Guid:456D14E944748AC5D87AFE8D1AECED7E BaseClass: NativeClass:/Script/Engine.StaticMeshActor Name:StaticMeshActor_1 Label:SM_Cube SpatiallyLoaded:1 Bounds:IsValid=true, Min=(X=0.000 Y=0.000 Z=-50.000), Max=(X=3000.000 Y=1344.250 Z=0.000) RuntimeGrid:None EditorOnly:0 RuntimeOnly:0 HLODRelevant:1 FolderPath:Environment FolderGuid:4B332A374DAF5B4447D4DDB72E568994
 |   |   |- [+] [ 13]
 |   |   |   |- Guid:DE73A19D49776AD1E4F6628D56DD1F0A BaseClass: NativeClass:/Script/Engine.StaticMeshActor Name:StaticMeshActor_4 Label:SM_Cube6 SpatiallyLoaded:1 Bounds:IsValid=true, Min=(X=2900.000 Y=100.000 Z=0.000), Max=(X=3000.000 Y=1400.000 Z=400.000) RuntimeGrid:None EditorOnly:0 RuntimeOnly:0 HLODRelevant:1 FolderPath:Environment FolderGuid:4B332A374DAF5B4447D4DDB72E568994
 |   |   |- [+] [ 14]
 |   |   |   |- Guid:D55EA1FC43DC0B2B0298BEB23CEA93D6 BaseClass: NativeClass:/Script/Engine.PlayerStart Name:PlayerStart_0 Label:PlayerStart SpatiallyLoaded:0 Bounds:IsValid=true, Min=(X=430.000 Y=660.000 Z=0.013), Max=(X=510.000 Y=740.000 Z=184.013) RuntimeGrid:None EditorOnly:0 RuntimeOnly:0 HLODRelevant:0
 |   |   |- [+] [ 15]
 |   |   |   |- Guid:184F55004CECDAFC2060549662A150FF BaseClass: NativeClass:/Script/Engine.TriggerVolume Name:TriggerVolume_UAID_244BFE031DC87CDA01_2147244192 Label:BassTrigger SpatiallyLoaded:1 Bounds:IsValid=true, Min=(X=1480.000 Y=950.000 Z=0.000), Max=(X=1680.000 Y=1150.000 Z=200.000) RuntimeGrid:None EditorOnly:0 RuntimeOnly:0 HLODRelevant:0 FolderPath:Triggers FolderGuid:A23CAE814BEE2922BC2DAF816BC622E1
 |   |   |- [+] [ 16]
 |   |   |   |- Guid:7F963CB24768D984D531B9B65932E36C BaseClass: NativeClass:/Script/Engine.StaticMeshActor Name:StaticMeshActor_6 Label:SM_Cube3 SpatiallyLoaded:1 Bounds:IsValid=true, Min=(X=0.000 Y=1340.000 Z=0.000), Max=(X=3000.000 Y=1440.000 Z=400.000) RuntimeGrid:None EditorOnly:0 RuntimeOnly:0 HLODRelevant:1 FolderPath:Environment FolderGuid:4B332A374DAF5B4447D4DDB72E568994
 |   |   |- [+] [ 17]
 |   |   |   |- Guid:4CC443604B28CD647B5CA4860EB49E9C BaseClass: NativeClass:/Script/Engine.TextRenderActor Name:TextRenderActor_UAID_244BFE031DC815DB01_1291772121 Label:TextRenderActor4 SpatiallyLoaded:1 Bounds:IsValid=true, Min=(X=2360.000 Y=680.000 Z=150.000), Max=(X=2360.000 Y=727.000 Z=176.000) RuntimeGrid:None EditorOnly:0 RuntimeOnly:0 HLODRelevant:0 FolderPath:Triggers FolderGuid:A23CAE814BEE2922BC2DAF816BC622E1
 |   |   |- [+] [ 18]
 |   |   |   |- Guid:9B8106A74A3DED8E22EC829D4E7A4011 BaseClass: NativeClass:/Script/Engine.ExponentialHeightFog Name:ExponentialHeightFog_0 Label:ExponentialHeightFog SpatiallyLoaded:0 Bounds:IsValid=true, Min=(X=-5600.000 Y=-50.000 Z=-6850.000), Max=(X=-5600.000 Y=-50.000 Z=-6850.000) RuntimeGrid:None EditorOnly:0 RuntimeOnly:0 HLODRelevant:0 FolderPath:Lighting FolderGuid:8A12BBB54BAFA127CA82D6A493C2B55D
 |   |   |- [+] [ 19]
 |   |   |   |- Guid:821F0BC4491D88DC2E719C84645184CA BaseClass: NativeClass:/Script/Engine.SkyLight Name:SkyLight_1 Label:SkyLight SpatiallyLoaded:0 Bounds:IsValid=true, Min=(X=0.000 Y=0.000 Z=690.000), Max=(X=0.000 Y=0.000 Z=690.000) RuntimeGrid:None EditorOnly:0 RuntimeOnly:0 HLODRelevant:0 FolderPath:Lighting FolderGuid:8A12BBB54BAFA127CA82D6A493C2B55D
 |   |   |- [+] [ 20]
 |   |   |   |- Guid:17CF902F489AD5A3D624FFBB4B27AAA0 BaseClass: NativeClass:/Script/Engine.StaticMeshActor Name:StaticMeshActor_UAID_244BFE031DC87EDA01_1262798543 Label:BassCube SpatiallyLoaded:1 Bounds:IsValid=true, Min=(X=1520.000 Y=1000.000 Z=-50.000), Max=(X=1620.000 Y=1100.000 Z=50.000) RuntimeGrid:None EditorOnly:0 RuntimeOnly:0 HLODRelevant:1 FolderPath:Triggers FolderGuid:A23CAE814BEE2922BC2DAF816BC622E1
 |   |   |- [+] [ 21]
 |   |   |   |- Guid:8724B87B43604787BE9122AB518FC290 BaseClass: NativeClass:/Script/Engine.StaticMeshActor Name:StaticMeshActor_5 Label:SM_Cube2 SpatiallyLoaded:1 Bounds:IsValid=true, Min=(X=0.000 Y=0.000 Z=0.000), Max=(X=3000.000 Y=100.000 Z=400.000) RuntimeGrid:None EditorOnly:0 RuntimeOnly:0 HLODRelevant:1 FolderPath:Environment FolderGuid:4B332A374DAF5B4447D4DDB72E568994
 |   |   |- [+] [ 22]
 |   |   |   |- Guid:969D707548014856422693B978F27168 BaseClass: NativeClass:/Script/Engine.PostProcessVolume Name:PostProcessVolume_0 Label:PostProcessVolume SpatiallyLoaded:0 Bounds:IsValid=true, Min=(X=0.000 Y=0.000 Z=400.000), Max=(X=200.000 Y=200.000 Z=600.000) RuntimeGrid:None EditorOnly:0 RuntimeOnly:0 HLODRelevant:0 FolderPath:Lighting FolderGuid:8A12BBB54BAFA127CA82D6A493C2B55D
 |   |   |- [+] [ 23]
 |   |   |   |- Guid:726E02E6DE4DB808AEAE88BAB363060A BaseClass: NativeClass:/Script/Engine.TriggerVolume Name:TriggerVolume_UAID_1C57DC5FD03071DB01_1247652312 Label:HHTrigger SpatiallyLoaded:1 Bounds:IsValid=true, Min=(X=1470.000 Y=590.000 Z=0.000), Max=(X=1670.000 Y=790.000 Z=200.000) RuntimeGrid:None EditorOnly:0 RuntimeOnly:0 HLODRelevant:0 FolderPath:Triggers FolderGuid:A23CAE814BEE2922BC2DAF816BC622E1
 |   |   |- [+] [ 24]
 |   |   |   |- Guid:B82ED1CC479D323298D8AD8C0A2B282F BaseClass: NativeClass:/Script/Engine.TextRenderActor Name:TextRenderActor_UAID_244BFE031DC88FDA01_1264552535 Label:TextRenderActor2 SpatiallyLoaded:1 Bounds:IsValid=true, Min=(X=1630.000 Y=300.000 Z=150.000), Max=(X=1630.000 Y=343.000 Z=176.000) RuntimeGrid:None EditorOnly:0 RuntimeOnly:0 HLODRelevant:0 FolderPath:Triggers FolderGuid:A23CAE814BEE2922BC2DAF816BC622E1
 |   |   |- [+] [ 25]
 |   |   |   |- Guid:BFEE978CE14CD3D20A3A0CB70DCF7758 BaseClass: NativeClass:/Script/Engine.TextRenderActor Name:TextRenderActor_UAID_1C57DC5FD03071DB01_1247650311 Label:TextRenderActor5 SpatiallyLoaded:1 Bounds:IsValid=true, Min=(X=1660.000 Y=690.000 Z=150.000), Max=(X=1660.000 Y=722.000 Z=176.000) RuntimeGrid:None EditorOnly:0 RuntimeOnly:0 HLODRelevant:0 FolderPath:Triggers FolderGuid:A23CAE814BEE2922BC2DAF816BC622E1
 |- ContainerInstances:
 |- [+] MainContainer:
 |   |-        ID: 0x0000000000000000
 |   |-    Bounds: IsValid=false, Min=(X=0.000 Y=0.000 Z=0.000), Max=(X=0.000 Y=0.000 Z=0.000)
 |   |- Transform: 0.000000,0.000000,0.000000|0.000000,0.000000,-0.000000|1.000000,1.000000,1.000000
 |   |- Container: /Game/Levels/DynamicSynth
----------------------------------------------------------------------------------------------------------------
DynamicSynth - Persistent Level
----------------------------------------------------------------------------------------------------------------
Always loaded Actor Count: 66 

----------------------------------------------------------------------------------------------------------------
DynamicSynth - Runtime Spatial Hash - Streaming Grid - MainGrid
----------------------------------------------------------------------------------------------------------------
            Origin: X=0.000 Y=0.000 Z=0.000
         Cell Size: 12800
      World Bounds: IsValid=false, Min=(X=0.000 Y=0.000 Z=0.000), Max=(X=0.000 Y=0.000 Z=0.000)
     Loading Range: 25600.00
Block Slow Loading: No
 ClientOnlyVisible: No

[+] Grid Levels: 1
 |- Level  0: Cell Count    0 | Cell Size   12800 | Actor Count    0 (0.0%)

[+] Content of Grid Level 0

