[+] Containers:
 |- [+] Container: /Game/Levels/DynamicSynth
 |   |- [+] ActorDescs:
 |   |   |- Guid:15C1733B4BF0C7A9F112F5BB11850222 BaseClass: NativeClass:/Script/Engine.TriggerVolume Name:TriggerVolume_UAID_244BFE031DC87CDA01_2144918191 Label:KickTrigger SpatiallyLoaded:1 Bounds:IsValid=true, Min=(X=1500.000 Y=220.000 Z=0.000), Max=(X=1700.000 Y=420.000 Z=200.000) RuntimeGrid:None EditorOnly:0 RuntimeOnly:0 HLODRelevant:0 FolderPath:Triggers FolderGuid:A23CAE814BEE2922BC2DAF816BC622E1
 |   |   |- Guid:17CF902F489AD5A3D624FFBB4B27AAA0 BaseClass: NativeClass:/Script/Engine.StaticMeshActor Name:StaticMeshActor_UAID_244BFE031DC87EDA01_1262798543 Label:BassCube SpatiallyLoaded:1 Bounds:IsValid=true, Min=(X=1520.000 Y=1000.000 Z=-50.000), Max=(X=1620.000 Y=1100.000 Z=50.000) RuntimeGrid:None EditorOnly:0 RuntimeOnly:0 HLODRelevant:1 FolderPath:Triggers FolderGuid:A23CAE814BEE2922BC2DAF816BC622E1
 |   |   |- Guid:184F55004CECDAFC2060549662A150FF BaseClass: NativeClass:/Script/Engine.TriggerVolume Name:TriggerVolume_UAID_244BFE031DC87CDA01_2147244192 Label:BassTrigger SpatiallyLoaded:1 Bounds:IsValid=true, Min=(X=1480.000 Y=950.000 Z=0.000), Max=(X=1680.000 Y=1150.000 Z=200.000) RuntimeGrid:None EditorOnly:0 RuntimeOnly:0 HLODRelevant:0 FolderPath:Triggers FolderGuid:A23CAE814BEE2922BC2DAF816BC622E1
 |   |   |- Guid:1EA1DA478146D9F763CC00B9F51024BC BaseClass: NativeClass:/Script/Engine.StaticMeshActor Name:StaticMeshActor_UAID_1C57DC5FD03071DB01_1247654313 Label:HHCube SpatiallyLoaded:1 Bounds:IsValid=true, Min=(X=1520.000 Y=640.000 Z=-50.000), Max=(X=1620.000 Y=740.000 Z=50.000) RuntimeGrid:None EditorOnly:0 RuntimeOnly:0 HLODRelevant:1 FolderPath:Triggers FolderGuid:A23CAE814BEE2922BC2DAF816BC622E1
 |   |   |- Guid:1FCDE5C54791BAA8271B19A772547F73 BaseClass: NativeClass:/Script/Engine.TriggerVolume Name:TriggerVolume_UAID_244BFE031DC88FDA01_1499919536 Label:BPMTrigger SpatiallyLoaded:1 Bounds:IsValid=true, Min=(X=2210.000 Y=930.000 Z=0.000), Max=(X=2410.000 Y=1130.000 Z=200.000) RuntimeGrid:None EditorOnly:0 RuntimeOnly:0 HLODRelevant:0 FolderPath:Triggers FolderGuid:A23CAE814BEE2922BC2DAF816BC622E1
 |   |   |- Guid:37B2398C44A835C5B1580E930878D7DF BaseClass: NativeClass:/Script/Engine.WorldDataLayers Name:WorldDataLayers Label:WorldDataLayers SpatiallyLoaded:0 Bounds:IsValid=true, Min=(X=0.000 Y=0.000 Z=0.000), Max=(X=0.000 Y=0.000 Z=0.000) RuntimeGrid:None EditorOnly:0 RuntimeOnly:0 HLODRelevant:0
 |   |   |- Guid:456D14E944748AC5D87AFE8D1AECED7E BaseClass: NativeClass:/Script/Engine.StaticMeshActor Name:StaticMeshActor_1 Label:SM_Cube SpatiallyLoaded:1 Bounds:IsValid=true, Min=(X=0.000 Y=0.000 Z=-50.000), Max=(X=3000.000 Y=1300.000 Z=0.000) RuntimeGrid:None EditorOnly:0 RuntimeOnly:0 HLODRelevant:1 FolderPath:Environment FolderGuid:4B332A374DAF5B4447D4DDB72E568994
 |   |   |- Guid:4CC443604B28CD647B5CA4860EB49E9C BaseClass: NativeClass:/Script/Engine.TextRenderActor Name:TextRenderActor_UAID_244BFE031DC815DB01_1291772121 Label:BPMFastText SpatiallyLoaded:1 Bounds:IsValid=true, Min=(X=2360.000 Y=970.000 Z=150.000), Max=(X=2360.000 Y=1066.000 Z=176.000) RuntimeGrid:None EditorOnly:0 RuntimeOnly:0 HLODRelevant:0 FolderPath:Triggers FolderGuid:A23CAE814BEE2922BC2DAF816BC622E1
 |   |   |- Guid:618E07384AD0018756D4D785650C0D27 BaseClass: NativeClass:/Script/Engine.SkyLight Name:SkyLight_UAID_C894021CCAEE5BE701_1734621115 Label:SkyLight SpatiallyLoaded:0 Bounds:IsValid=true, Min=(X=690.000 Y=740.000 Z=0.000), Max=(X=690.000 Y=740.000 Z=0.000) RuntimeGrid:None EditorOnly:0 RuntimeOnly:0 HLODRelevant:0 FolderPath:Lighting FolderGuid:8A12BBB54BAFA127CA82D6A493C2B55D
 |   |   |- Guid:63CDE57A4DE204D22E67CF883903F638 BaseClass: NativeClass:/Script/Engine.StaticMeshActor Name:StaticMeshActor_0 Label:SM_Cube5 SpatiallyLoaded:1 Bounds:IsValid=true, Min=(X=-70.000 Y=-110.000 Z=0.000), Max=(X=30.000 Y=1390.000 Z=400.000) RuntimeGrid:None EditorOnly:0 RuntimeOnly:0 HLODRelevant:1 FolderPath:Environment FolderGuid:4B332A374DAF5B4447D4DDB72E568994
 |   |   |- Guid:726E02E6DE4DB808AEAE88BAB363060A BaseClass: NativeClass:/Script/Engine.TriggerVolume Name:TriggerVolume_UAID_1C57DC5FD03071DB01_1247652312 Label:HHTrigger SpatiallyLoaded:1 Bounds:IsValid=true, Min=(X=1470.000 Y=590.000 Z=0.000), Max=(X=1670.000 Y=790.000 Z=200.000) RuntimeGrid:None EditorOnly:0 RuntimeOnly:0 HLODRelevant:0 FolderPath:Triggers FolderGuid:A23CAE814BEE2922BC2DAF816BC622E1
 |   |   |- Guid:73343BD3458B054FA5AD729E2F162EAF BaseClass: NativeClass:/Script/Engine.StaticMeshActor Name:StaticMeshActor_UAID_244BFE031DC87EDA01_1266202544 Label:KickCube SpatiallyLoaded:1 Bounds:IsValid=true, Min=(X=1520.000 Y=280.000 Z=-50.000), Max=(X=1620.000 Y=380.000 Z=50.000) RuntimeGrid:None EditorOnly:0 RuntimeOnly:0 HLODRelevant:1 FolderPath:Triggers FolderGuid:A23CAE814BEE2922BC2DAF816BC622E1
 |   |   |- Guid:7F963CB24768D984D531B9B65932E36C BaseClass: NativeClass:/Script/Engine.StaticMeshActor Name:StaticMeshActor_6 Label:SM_Cube3 SpatiallyLoaded:1 Bounds:IsValid=true, Min=(X=0.000 Y=1300.000 Z=0.000), Max=(X=3000.000 Y=1400.000 Z=400.000) RuntimeGrid:None EditorOnly:0 RuntimeOnly:0 HLODRelevant:1 FolderPath:Environment FolderGuid:4B332A374DAF5B4447D4DDB72E568994
 |   |   |- Guid:86DC92FC402EC8C90B867C900DDBDB02 BaseClass: NativeClass:/Script/Engine.StaticMeshActor Name:StaticMeshActor_UAID_C894021CCAEE5BE701_1406064111 Label:BPMSlowCube SpatiallyLoaded:1 Bounds:IsValid=true, Min=(X=2260.000 Y=370.000 Z=-50.000), Max=(X=2360.000 Y=470.000 Z=50.000) RuntimeGrid:None EditorOnly:0 RuntimeOnly:0 HLODRelevant:1 FolderPath:Triggers FolderGuid:A23CAE814BEE2922BC2DAF816BC622E1
 |   |   |- Guid:8724B87B43604787BE9122AB518FC290 BaseClass: NativeClass:/Script/Engine.StaticMeshActor Name:StaticMeshActor_5 Label:SM_Cube2 SpatiallyLoaded:1 Bounds:IsValid=true, Min=(X=0.000 Y=-100.000 Z=0.000), Max=(X=3000.000 Y=0.000 Z=400.000) RuntimeGrid:None EditorOnly:0 RuntimeOnly:0 HLODRelevant:1 FolderPath:Environment FolderGuid:4B332A374DAF5B4447D4DDB72E568994
 |   |   |- Guid:970ABB2244CB7FC66BC70791E5DF245C BaseClass: NativeClass:/Script/Engine.TextRenderActor Name:TextRenderActor_UAID_C894021CCAEE5BE701_1406068113 Label:BPMSlowText SpatiallyLoaded:1 Bounds:IsValid=true, Min=(X=2360.000 Y=360.000 Z=150.000), Max=(X=2360.000 Y=490.000 Z=176.000) RuntimeGrid:None EditorOnly:0 RuntimeOnly:0 HLODRelevant:0 FolderPath:Triggers FolderGuid:A23CAE814BEE2922BC2DAF816BC622E1
 |   |   |- Guid:B303F9344B7BEAA71961EC9EE848F843 BaseClass: NativeClass:/Script/Engine.TriggerVolume Name:TriggerVolume_UAID_C894021CCAEE5BE701_1406067112 Label:BPMSlowTrigger SpatiallyLoaded:1 Bounds:IsValid=true, Min=(X=2210.000 Y=320.000 Z=0.000), Max=(X=2410.000 Y=520.000 Z=200.000) RuntimeGrid:None EditorOnly:0 RuntimeOnly:0 HLODRelevant:0 FolderPath:Triggers FolderGuid:A23CAE814BEE2922BC2DAF816BC622E1
 |   |   |- Guid:B82ED1CC479D323298D8AD8C0A2B282F BaseClass: NativeClass:/Script/Engine.TextRenderActor Name:TextRenderActor_UAID_244BFE031DC88FDA01_1264552535 Label:TextRenderActor2 SpatiallyLoaded:1 Bounds:IsValid=true, Min=(X=1630.000 Y=300.000 Z=150.000), Max=(X=1630.000 Y=343.000 Z=176.000) RuntimeGrid:None EditorOnly:0 RuntimeOnly:0 HLODRelevant:0 FolderPath:Triggers FolderGuid:A23CAE814BEE2922BC2DAF816BC622E1
 |   |   |- Guid:BDF63FCB4CBC05720D971B9032962A6B BaseClass: NativeClass:/Script/Engine.TextRenderActor Name:TextRenderActor_UAID_244BFE031DC815DB01_1272065120 Label:TextRenderActor3 SpatiallyLoaded:1 Bounds:IsValid=true, Min=(X=1660.000 Y=1050.000 Z=150.000), Max=(X=1660.000 Y=1098.000 Z=176.000) RuntimeGrid:None EditorOnly:0 RuntimeOnly:0 HLODRelevant:0 FolderPath:Triggers FolderGuid:A23CAE814BEE2922BC2DAF816BC622E1
 |   |   |- Guid:BFEE978CE14CD3D20A3A0CB70DCF7758 BaseClass: NativeClass:/Script/Engine.TextRenderActor Name:TextRenderActor_UAID_1C57DC5FD03071DB01_1247650311 Label:TextRenderActor5 SpatiallyLoaded:1 Bounds:IsValid=true, Min=(X=1660.000 Y=690.000 Z=150.000), Max=(X=1660.000 Y=722.000 Z=176.000) RuntimeGrid:None EditorOnly:0 RuntimeOnly:0 HLODRelevant:0 FolderPath:Triggers FolderGuid:A23CAE814BEE2922BC2DAF816BC622E1
 |   |   |- Guid:D55EA1FC43DC0B2B0298BEB23CEA93D6 BaseClass: NativeClass:/Script/Engine.PlayerStart Name:PlayerStart_0 Label:PlayerStart SpatiallyLoaded:0 Bounds:IsValid=true, Min=(X=430.000 Y=660.000 Z=0.013), Max=(X=510.000 Y=740.000 Z=184.013) RuntimeGrid:None EditorOnly:0 RuntimeOnly:0 HLODRelevant:0
 |   |   |- Guid:DE73A19D49776AD1E4F6628D56DD1F0A BaseClass: NativeClass:/Script/Engine.StaticMeshActor Name:StaticMeshActor_4 Label:SM_Cube6 SpatiallyLoaded:1 Bounds:IsValid=true, Min=(X=2980.000 Y=-90.000 Z=0.000), Max=(X=3080.000 Y=1410.000 Z=400.000) RuntimeGrid:None EditorOnly:0 RuntimeOnly:0 HLODRelevant:1 FolderPath:Environment FolderGuid:4B332A374DAF5B4447D4DDB72E568994
 |   |   |- Guid:E16B4937426ADA2355FB8697F1157F19 BaseClass: NativeClass:/Script/Engine.StaticMeshActor Name:StaticMeshActor_UAID_244BFE031DC815DB01_1224988119 Label:BPMCube SpatiallyLoaded:1 Bounds:IsValid=true, Min=(X=2260.000 Y=980.000 Z=-50.000), Max=(X=2360.000 Y=1080.000 Z=50.000) RuntimeGrid:None EditorOnly:0 RuntimeOnly:0 HLODRelevant:1 FolderPath:Triggers FolderGuid:A23CAE814BEE2922BC2DAF816BC622E1
 |   |   |- Guid:F13A76D145BD2923729FAC961D2BD04B BaseClass:/Engine/EngineSky/BP_Sky_Sphere.BP_Sky_Sphere_C NativeClass:/Script/Engine.Actor Name:BP_Sky_Sphere_C_UAID_C894021CCAEE5BE701_1703124114 Label:BP_Sky_Sphere SpatiallyLoaded:0 Bounds:IsValid=true, Min=(X=-1639590.000 Y=-1637220.000 Z=-1637090.000), Max=(X=1637210.000 Y=1639580.000 Z=1639710.000) RuntimeGrid:None EditorOnly:0 RuntimeOnly:0 HLODRelevant:0 FolderPath:Lighting FolderGuid:8A12BBB54BAFA127CA82D6A493C2B55D
 |   |- [+] Clusters:
 |   |   |- [+] [  0]
 |   |   |   |- Guid:37B2398C44A835C5B1580E930878D7DF BaseClass: NativeClass:/Script/Engine.WorldDataLayers Name:WorldDataLayers Label:WorldDataLayers SpatiallyLoaded:0 Bounds:IsValid=true, Min=(X=0.000 Y=0.000 Z=0.000), Max=(X=0.000 Y=0.000 Z=0.000) RuntimeGrid:None EditorOnly:0 RuntimeOnly:0 HLODRelevant:0
 |   |   |- [+] [  1]
 |   |   |   |- Guid:BDF63FCB4CBC05720D971B9032962A6B BaseClass: NativeClass:/Script/Engine.TextRenderActor Name:TextRenderActor_UAID_244BFE031DC815DB01_1272065120 Label:TextRenderActor3 SpatiallyLoaded:1 Bounds:IsValid=true, Min=(X=1660.000 Y=1050.000 Z=150.000), Max=(X=1660.000 Y=1098.000 Z=176.000) RuntimeGrid:None EditorOnly:0 RuntimeOnly:0 HLODRelevant:0 FolderPath:Triggers FolderGuid:A23CAE814BEE2922BC2DAF816BC622E1
 |   |   |- [+] [  2]
 |   |   |   |- Guid:86DC92FC402EC8C90B867C900DDBDB02 BaseClass: NativeClass:/Script/Engine.StaticMeshActor Name:StaticMeshActor_UAID_C894021CCAEE5BE701_1406064111 Label:BPMSlowCube SpatiallyLoaded:1 Bounds:IsValid=true, Min=(X=2260.000 Y=370.000 Z=-50.000), Max=(X=2360.000 Y=470.000 Z=50.000) RuntimeGrid:None EditorOnly:0 RuntimeOnly:0 HLODRelevant:1 FolderPath:Triggers FolderGuid:A23CAE814BEE2922BC2DAF816BC622E1
 |   |   |- [+] [  3]
 |   |   |   |- Guid:63CDE57A4DE204D22E67CF883903F638 BaseClass: NativeClass:/Script/Engine.StaticMeshActor Name:StaticMeshActor_0 Label:SM_Cube5 SpatiallyLoaded:1 Bounds:IsValid=true, Min=(X=-70.000 Y=-110.000 Z=0.000), Max=(X=30.000 Y=1390.000 Z=400.000) RuntimeGrid:None EditorOnly:0 RuntimeOnly:0 HLODRelevant:1 FolderPath:Environment FolderGuid:4B332A374DAF5B4447D4DDB72E568994
 |   |   |- [+] [  4]
 |   |   |   |- Guid:73343BD3458B054FA5AD729E2F162EAF BaseClass: NativeClass:/Script/Engine.StaticMeshActor Name:StaticMeshActor_UAID_244BFE031DC87EDA01_1266202544 Label:KickCube SpatiallyLoaded:1 Bounds:IsValid=true, Min=(X=1520.000 Y=280.000 Z=-50.000), Max=(X=1620.000 Y=380.000 Z=50.000) RuntimeGrid:None EditorOnly:0 RuntimeOnly:0 HLODRelevant:1 FolderPath:Triggers FolderGuid:A23CAE814BEE2922BC2DAF816BC622E1
 |   |   |- [+] [  5]
 |   |   |   |- Guid:E16B4937426ADA2355FB8697F1157F19 BaseClass: NativeClass:/Script/Engine.StaticMeshActor Name:StaticMeshActor_UAID_244BFE031DC815DB01_1224988119 Label:BPMCube SpatiallyLoaded:1 Bounds:IsValid=true, Min=(X=2260.000 Y=980.000 Z=-50.000), Max=(X=2360.000 Y=1080.000 Z=50.000) RuntimeGrid:None EditorOnly:0 RuntimeOnly:0 HLODRelevant:1 FolderPath:Triggers FolderGuid:A23CAE814BEE2922BC2DAF816BC622E1
 |   |   |- [+] [  6]
 |   |   |   |- Guid:1EA1DA478146D9F763CC00B9F51024BC BaseClass: NativeClass:/Script/Engine.StaticMeshActor Name:StaticMeshActor_UAID_1C57DC5FD03071DB01_1247654313 Label:HHCube SpatiallyLoaded:1 Bounds:IsValid=true, Min=(X=1520.000 Y=640.000 Z=-50.000), Max=(X=1620.000 Y=740.000 Z=50.000) RuntimeGrid:None EditorOnly:0 RuntimeOnly:0 HLODRelevant:1 FolderPath:Triggers FolderGuid:A23CAE814BEE2922BC2DAF816BC622E1
 |   |   |- [+] [  7]
 |   |   |   |- Guid:970ABB2244CB7FC66BC70791E5DF245C BaseClass: NativeClass:/Script/Engine.TextRenderActor Name:TextRenderActor_UAID_C894021CCAEE5BE701_1406068113 Label:BPMSlowText SpatiallyLoaded:1 Bounds:IsValid=true, Min=(X=2360.000 Y=360.000 Z=150.000), Max=(X=2360.000 Y=490.000 Z=176.000) RuntimeGrid:None EditorOnly:0 RuntimeOnly:0 HLODRelevant:0 FolderPath:Triggers FolderGuid:A23CAE814BEE2922BC2DAF816BC622E1
 |   |   |- [+] [  8]
 |   |   |   |- Guid:1FCDE5C54791BAA8271B19A772547F73 BaseClass: NativeClass:/Script/Engine.TriggerVolume Name:TriggerVolume_UAID_244BFE031DC88FDA01_1499919536 Label:BPMTrigger SpatiallyLoaded:1 Bounds:IsValid=true, Min=(X=2210.000 Y=930.000 Z=0.000), Max=(X=2410.000 Y=1130.000 Z=200.000) RuntimeGrid:None EditorOnly:0 RuntimeOnly:0 HLODRelevant:0 FolderPath:Triggers FolderGuid:A23CAE814BEE2922BC2DAF816BC622E1
 |   |   |- [+] [  9]
 |   |   |   |- Guid:15C1733B4BF0C7A9F112F5BB11850222 BaseClass: NativeClass:/Script/Engine.TriggerVolume Name:TriggerVolume_UAID_244BFE031DC87CDA01_2144918191 Label:KickTrigger SpatiallyLoaded:1 Bounds:IsValid=true, Min=(X=1500.000 Y=220.000 Z=0.000), Max=(X=1700.000 Y=420.000 Z=200.000) RuntimeGrid:None EditorOnly:0 RuntimeOnly:0 HLODRelevant:0 FolderPath:Triggers FolderGuid:A23CAE814BEE2922BC2DAF816BC622E1
 |   |   |- [+] [ 10]
 |   |   |   |- Guid:456D14E944748AC5D87AFE8D1AECED7E BaseClass: NativeClass:/Script/Engine.StaticMeshActor Name:StaticMeshActor_1 Label:SM_Cube SpatiallyLoaded:1 Bounds:IsValid=true, Min=(X=0.000 Y=0.000 Z=-50.000), Max=(X=3000.000 Y=1300.000 Z=0.000) RuntimeGrid:None EditorOnly:0 RuntimeOnly:0 HLODRelevant:1 FolderPath:Environment FolderGuid:4B332A374DAF5B4447D4DDB72E568994
 |   |   |- [+] [ 11]
 |   |   |   |- Guid:DE73A19D49776AD1E4F6628D56DD1F0A BaseClass: NativeClass:/Script/Engine.StaticMeshActor Name:StaticMeshActor_4 Label:SM_Cube6 SpatiallyLoaded:1 Bounds:IsValid=true, Min=(X=2980.000 Y=-90.000 Z=0.000), Max=(X=3080.000 Y=1410.000 Z=400.000) RuntimeGrid:None EditorOnly:0 RuntimeOnly:0 HLODRelevant:1 FolderPath:Environment FolderGuid:4B332A374DAF5B4447D4DDB72E568994
 |   |   |- [+] [ 12]
 |   |   |   |- Guid:D55EA1FC43DC0B2B0298BEB23CEA93D6 BaseClass: NativeClass:/Script/Engine.PlayerStart Name:PlayerStart_0 Label:PlayerStart SpatiallyLoaded:0 Bounds:IsValid=true, Min=(X=430.000 Y=660.000 Z=0.013), Max=(X=510.000 Y=740.000 Z=184.013) RuntimeGrid:None EditorOnly:0 RuntimeOnly:0 HLODRelevant:0
 |   |   |- [+] [ 13]
 |   |   |   |- Guid:618E07384AD0018756D4D785650C0D27 BaseClass: NativeClass:/Script/Engine.SkyLight Name:SkyLight_UAID_C894021CCAEE5BE701_1734621115 Label:SkyLight SpatiallyLoaded:0 Bounds:IsValid=true, Min=(X=690.000 Y=740.000 Z=0.000), Max=(X=690.000 Y=740.000 Z=0.000) RuntimeGrid:None EditorOnly:0 RuntimeOnly:0 HLODRelevant:0 FolderPath:Lighting FolderGuid:8A12BBB54BAFA127CA82D6A493C2B55D
 |   |   |- [+] [ 14]
 |   |   |   |- Guid:184F55004CECDAFC2060549662A150FF BaseClass: NativeClass:/Script/Engine.TriggerVolume Name:TriggerVolume_UAID_244BFE031DC87CDA01_2147244192 Label:BassTrigger SpatiallyLoaded:1 Bounds:IsValid=true, Min=(X=1480.000 Y=950.000 Z=0.000), Max=(X=1680.000 Y=1150.000 Z=200.000) RuntimeGrid:None EditorOnly:0 RuntimeOnly:0 HLODRelevant:0 FolderPath:Triggers FolderGuid:A23CAE814BEE2922BC2DAF816BC622E1
 |   |   |- [+] [ 15]
 |   |   |   |- Guid:7F963CB24768D984D531B9B65932E36C BaseClass: NativeClass:/Script/Engine.StaticMeshActor Name:StaticMeshActor_6 Label:SM_Cube3 SpatiallyLoaded:1 Bounds:IsValid=true, Min=(X=0.000 Y=1300.000 Z=0.000), Max=(X=3000.000 Y=1400.000 Z=400.000) RuntimeGrid:None EditorOnly:0 RuntimeOnly:0 HLODRelevant:1 FolderPath:Environment FolderGuid:4B332A374DAF5B4447D4DDB72E568994
 |   |   |- [+] [ 16]
 |   |   |   |- Guid:4CC443604B28CD647B5CA4860EB49E9C BaseClass: NativeClass:/Script/Engine.TextRenderActor Name:TextRenderActor_UAID_244BFE031DC815DB01_1291772121 Label:BPMFastText SpatiallyLoaded:1 Bounds:IsValid=true, Min=(X=2360.000 Y=970.000 Z=150.000), Max=(X=2360.000 Y=1066.000 Z=176.000) RuntimeGrid:None EditorOnly:0 RuntimeOnly:0 HLODRelevant:0 FolderPath:Triggers FolderGuid:A23CAE814BEE2922BC2DAF816BC622E1
 |   |   |- [+] [ 17]
 |   |   |   |- Guid:17CF902F489AD5A3D624FFBB4B27AAA0 BaseClass: NativeClass:/Script/Engine.StaticMeshActor Name:StaticMeshActor_UAID_244BFE031DC87EDA01_1262798543 Label:BassCube SpatiallyLoaded:1 Bounds:IsValid=true, Min=(X=1520.000 Y=1000.000 Z=-50.000), Max=(X=1620.000 Y=1100.000 Z=50.000) RuntimeGrid:None EditorOnly:0 RuntimeOnly:0 HLODRelevant:1 FolderPath:Triggers FolderGuid:A23CAE814BEE2922BC2DAF816BC622E1
 |   |   |- [+] [ 18]
 |   |   |   |- Guid:8724B87B43604787BE9122AB518FC290 BaseClass: NativeClass:/Script/Engine.StaticMeshActor Name:StaticMeshActor_5 Label:SM_Cube2 SpatiallyLoaded:1 Bounds:IsValid=true, Min=(X=0.000 Y=-100.000 Z=0.000), Max=(X=3000.000 Y=0.000 Z=400.000) RuntimeGrid:None EditorOnly:0 RuntimeOnly:0 HLODRelevant:1 FolderPath:Environment FolderGuid:4B332A374DAF5B4447D4DDB72E568994
 |   |   |- [+] [ 19]
 |   |   |   |- Guid:B303F9344B7BEAA71961EC9EE848F843 BaseClass: NativeClass:/Script/Engine.TriggerVolume Name:TriggerVolume_UAID_C894021CCAEE5BE701_1406067112 Label:BPMSlowTrigger SpatiallyLoaded:1 Bounds:IsValid=true, Min=(X=2210.000 Y=320.000 Z=0.000), Max=(X=2410.000 Y=520.000 Z=200.000) RuntimeGrid:None EditorOnly:0 RuntimeOnly:0 HLODRelevant:0 FolderPath:Triggers FolderGuid:A23CAE814BEE2922BC2DAF816BC622E1
 |   |   |- [+] [ 20]
 |   |   |   |- Guid:726E02E6DE4DB808AEAE88BAB363060A BaseClass: NativeClass:/Script/Engine.TriggerVolume Name:TriggerVolume_UAID_1C57DC5FD03071DB01_1247652312 Label:HHTrigger SpatiallyLoaded:1 Bounds:IsValid=true, Min=(X=1470.000 Y=590.000 Z=0.000), Max=(X=1670.000 Y=790.000 Z=200.000) RuntimeGrid:None EditorOnly:0 RuntimeOnly:0 HLODRelevant:0 FolderPath:Triggers FolderGuid:A23CAE814BEE2922BC2DAF816BC622E1
 |   |   |- [+] [ 21]
 |   |   |   |- Guid:B82ED1CC479D323298D8AD8C0A2B282F BaseClass: NativeClass:/Script/Engine.TextRenderActor Name:TextRenderActor_UAID_244BFE031DC88FDA01_1264552535 Label:TextRenderActor2 SpatiallyLoaded:1 Bounds:IsValid=true, Min=(X=1630.000 Y=300.000 Z=150.000), Max=(X=1630.000 Y=343.000 Z=176.000) RuntimeGrid:None EditorOnly:0 RuntimeOnly:0 HLODRelevant:0 FolderPath:Triggers FolderGuid:A23CAE814BEE2922BC2DAF816BC622E1
 |   |   |- [+] [ 22]
 |   |   |   |- Guid:BFEE978CE14CD3D20A3A0CB70DCF7758 BaseClass: NativeClass:/Script/Engine.TextRenderActor Name:TextRenderActor_UAID_1C57DC5FD03071DB01_1247650311 Label:TextRenderActor5 SpatiallyLoaded:1 Bounds:IsValid=true, Min=(X=1660.000 Y=690.000 Z=150.000), Max=(X=1660.000 Y=722.000 Z=176.000) RuntimeGrid:None EditorOnly:0 RuntimeOnly:0 HLODRelevant:0 FolderPath:Triggers FolderGuid:A23CAE814BEE2922BC2DAF816BC622E1
 |   |   |- [+] [ 23]
 |   |   |   |- Guid:F13A76D145BD2923729FAC961D2BD04B BaseClass:/Engine/EngineSky/BP_Sky_Sphere.BP_Sky_Sphere_C NativeClass:/Script/Engine.Actor Name:BP_Sky_Sphere_C_UAID_C894021CCAEE5BE701_1703124114 Label:BP_Sky_Sphere SpatiallyLoaded:0 Bounds:IsValid=true, Min=(X=-1639590.000 Y=-1637220.000 Z=-1637090.000), Max=(X=1637210.000 Y=1639580.000 Z=1639710.000) RuntimeGrid:None EditorOnly:0 RuntimeOnly:0 HLODRelevant:0 FolderPath:Lighting FolderGuid:8A12BBB54BAFA127CA82D6A493C2B55D
 |- ContainerInstances:
 |- [+] MainContainer:
 |   |-        ID: 0x0000000000000000
 |   |-    Bounds: IsValid=false, Min=(X=0.000 Y=0.000 Z=0.000), Max=(X=0.000 Y=0.000 Z=0.000)
 |   |- Transform: 0.000000,0.000000,0.000000|0.000000,0.000000,-0.000000|1.000000,1.000000,1.000000
 |   |- Container: /Game/Levels/DynamicSynth
----------------------------------------------------------------------------------------------------------------
DynamicSynth - Persistent Level
----------------------------------------------------------------------------------------------------------------
Always loaded Actor Count: 5 

----------------------------------------------------------------------------------------------------------------
DynamicSynth - Runtime Spatial Hash - Streaming Grid - MainGrid
----------------------------------------------------------------------------------------------------------------
            Origin: X=0.000 Y=0.000 Z=0.000
         Cell Size: 12800
      World Bounds: IsValid=false, Min=(X=0.000 Y=0.000 Z=0.000), Max=(X=0.000 Y=0.000 Z=0.000)
     Loading Range: 25600.00
Block Slow Loading: No
 ClientOnlyVisible: No

[+] Grid Levels: 1
 |- Level  0: Cell Count    1 | Cell Size   12800 | Actor Count   24 (100.0%)

[+] Content of Grid Level 0
 |- [+] Content of Cell MainGrid_L0_X0_Y0
 |   |- Actor Count: 24
 |   |- MinMaxZ: X=-1637090.000 Y=1639710.000
 |   |- Actor Path: /Game/Levels/DynamicSynth.DynamicSynth:PersistentLevel.WorldDataLayers
 |   |- Actor Package: /Game/__ExternalActors__/Levels/DynamicSynth/C/8H/UWJN1J3J2U3A1PIF3IAR60
 |   |- Actor Path: /Game/Levels/DynamicSynth.DynamicSynth:PersistentLevel.TextRenderActor_UAID_244BFE031DC815DB01_1272065120
 |   |- Actor Package: /Game/__ExternalActors__/Levels/DynamicSynth/C/UR/4SCH5VBGFRD7N36KAR1115
 |   |- Actor Path: /Game/Levels/DynamicSynth.DynamicSynth:PersistentLevel.StaticMeshActor_UAID_C894021CCAEE5BE701_1406064111
 |   |- Actor Package: /Game/__ExternalActors__/Levels/DynamicSynth/C/KW/8YDW4V2J3X47ZF06HC6VDS
 |   |- Actor Path: /Game/Levels/DynamicSynth.DynamicSynth:PersistentLevel.StaticMeshActor_0
 |   |- Actor Package: /Game/__ExternalActors__/Levels/DynamicSynth/6/NF/PJJEOPV2EDNIRYCO0YHF76
 |   |- Actor Path: /Game/Levels/DynamicSynth.DynamicSynth:PersistentLevel.StaticMeshActor_UAID_244BFE031DC87EDA01_1266202544
 |   |- Actor Package: /Game/__ExternalActors__/Levels/DynamicSynth/6/W3/CEREW195O07H4V9BQV5MON
 |   |- Actor Path: /Game/Levels/DynamicSynth.DynamicSynth:PersistentLevel.StaticMeshActor_UAID_244BFE031DC815DB01_1224988119
 |   |- Actor Package: /Game/__ExternalActors__/Levels/DynamicSynth/A/GG/1CR6TYVAH5U0LBOFD8MKJS
 |   |- Actor Path: /Game/Levels/DynamicSynth.DynamicSynth:PersistentLevel.StaticMeshActor_UAID_1C57DC5FD03071DB01_1247654313
 |   |- Actor Package: /Game/__ExternalActors__/Levels/DynamicSynth/A/9B/34YVUMK9V4LIFUA3Q6SDAL
 |   |- Actor Path: /Game/Levels/DynamicSynth.DynamicSynth:PersistentLevel.TextRenderActor_UAID_C894021CCAEE5BE701_1406068113
 |   |- Actor Package: /Game/__ExternalActors__/Levels/DynamicSynth/A/63/M77J2QP1IO84BTGAKQ653W
 |   |- Actor Path: /Game/Levels/DynamicSynth.DynamicSynth:PersistentLevel.TriggerVolume_UAID_244BFE031DC88FDA01_1499919536
 |   |- Actor Package: /Game/__ExternalActors__/Levels/DynamicSynth/8/97/9DDSVN5Q08PIOUR9YXSX8W
 |   |- Actor Path: /Game/Levels/DynamicSynth.DynamicSynth:PersistentLevel.TriggerVolume_UAID_244BFE031DC87CDA01_2144918191
 |   |- Actor Package: /Game/__ExternalActors__/Levels/DynamicSynth/8/L2/3ORFH3BYXUVTOG5WLWANMH
 |   |- Actor Path: /Game/Levels/DynamicSynth.DynamicSynth:PersistentLevel.StaticMeshActor_1
 |   |- Actor Package: /Game/__ExternalActors__/Levels/DynamicSynth/7/4R/615AEFEXN1VEP4Z5UJUQBQ
 |   |- Actor Path: /Game/Levels/DynamicSynth.DynamicSynth:PersistentLevel.StaticMeshActor_4
 |   |- Actor Package: /Game/__ExternalActors__/Levels/DynamicSynth/7/IV/V7UZUOB8QZ6RW82KFPAII9
 |   |- Actor Path: /Game/Levels/DynamicSynth.DynamicSynth:PersistentLevel.PlayerStart_0
 |   |- Actor Package: /Game/__ExternalActors__/Levels/DynamicSynth/7/AQ/GII5OP589HJSP6XVA6BDXH
 |   |- Actor Path: /Game/Levels/DynamicSynth.DynamicSynth:PersistentLevel.SkyLight_UAID_C894021CCAEE5BE701_1734621115
 |   |- Actor Package: /Game/__ExternalActors__/Levels/DynamicSynth/D/NU/53YYDMSN92VBTJV5G7WAFY
 |   |- Actor Path: /Game/Levels/DynamicSynth.DynamicSynth:PersistentLevel.TriggerVolume_UAID_244BFE031DC87CDA01_2147244192
 |   |- Actor Package: /Game/__ExternalActors__/Levels/DynamicSynth/0/2Q/UY9VF4R4RX1G89F1M88E9R
 |   |- Actor Path: /Game/Levels/DynamicSynth.DynamicSynth:PersistentLevel.StaticMeshActor_6
 |   |- Actor Package: /Game/__ExternalActors__/Levels/DynamicSynth/0/3P/BBEV0KRKLNHHTMWRUBY0JP
 |   |- Actor Path: /Game/Levels/DynamicSynth.DynamicSynth:PersistentLevel.TextRenderActor_UAID_244BFE031DC815DB01_1291772121
 |   |- Actor Package: /Game/__ExternalActors__/Levels/DynamicSynth/2/YC/TE3KZU65105GGLZFMP8K38
 |   |- Actor Path: /Game/Levels/DynamicSynth.DynamicSynth:PersistentLevel.StaticMeshActor_UAID_244BFE031DC87EDA01_1262798543
 |   |- Actor Package: /Game/__ExternalActors__/Levels/DynamicSynth/1/BU/20DUCQ8IASENGHIJBTHX6G
 |   |- Actor Path: /Game/Levels/DynamicSynth.DynamicSynth:PersistentLevel.StaticMeshActor_5
 |   |- Actor Package: /Game/__ExternalActors__/Levels/DynamicSynth/1/DB/B4CGRWEMVNG93IAPM2F29P
 |   |- Actor Path: /Game/Levels/DynamicSynth.DynamicSynth:PersistentLevel.TriggerVolume_UAID_C894021CCAEE5BE701_1406067112
 |   |- Actor Package: /Game/__ExternalActors__/Levels/DynamicSynth/1/YF/2HTKW11NLBJD1L294OHM8L
 |   |- Actor Path: /Game/Levels/DynamicSynth.DynamicSynth:PersistentLevel.TriggerVolume_UAID_1C57DC5FD03071DB01_1247652312
 |   |- Actor Package: /Game/__ExternalActors__/Levels/DynamicSynth/E/28/MLP72E3Z5X83ZM85FG043P
 |   |- Actor Path: /Game/Levels/DynamicSynth.DynamicSynth:PersistentLevel.TextRenderActor_UAID_244BFE031DC88FDA01_1264552535
 |   |- Actor Package: /Game/__ExternalActors__/Levels/DynamicSynth/9/S2/VDJIVDGRG2LHUCQ0JO88V3
 |   |- Actor Path: /Game/Levels/DynamicSynth.DynamicSynth:PersistentLevel.TextRenderActor_UAID_1C57DC5FD03071DB01_1247650311
 |   |- Actor Package: /Game/__ExternalActors__/Levels/DynamicSynth/3/W5/SE05QWBPITXBVS2T9PQY8L
 |   |- Actor Path: /Game/Levels/DynamicSynth.DynamicSynth:PersistentLevel.BP_Sky_Sphere_C_UAID_C894021CCAEE5BE701_1703124114
 |   |- Actor Package: /Game/__ExternalActors__/Levels/DynamicSynth/3/83/709KMF7ZEC7ZWAG5XP2N4S

