"../../../Engine/Content/EditorResources/S_Actor.uasset" 0
"../../../Engine/Content/EditorResources/S_Actor.ubulk" 1
"../../../Engine/Content/EditorResources/S_Actor.uexp" 2
"../../../Engine/Content/EditorResources/S_BoxReflectionCapture.uasset" 3
"../../../Engine/Content/EditorResources/S_BoxReflectionCapture.uexp" 4
"../../../Engine/Content/EngineResources/DefaultTexture.uasset" 5
"../../../Engine/Content/EngineResources/DefaultTexture.ubulk" 6
"../../../Engine/Content/EngineResources/DefaultTexture.uexp" 7
"../../../Engine/Content/EngineResources/DefaultTextureCube.uasset" 8
"../../../Engine/Content/EngineResources/DefaultTextureCube.uexp" 9
"../../../Engine/Content/EngineResources/DefaultVolumeTexture2D.uasset" 10
"../../../Engine/Content/EngineResources/DefaultVolumeTexture2D.uexp" 11
"../../../Engine/Content/EngineResources/DefaultVolumeTexture.uasset" 12
"../../../Engine/Content/EngineResources/DefaultVolumeTexture.uexp" 13
"../../../Engine/Content/EditorResources/S_Trigger.uasset" 14
"../../../Engine/Content/EditorResources/S_Trigger.ubulk" 15
"../../../Engine/Content/EditorResources/S_Trigger.uexp" 16
"../../../Engine/Content/EditorResources/S_TriggerBox.uasset" 17
"../../../Engine/Content/EditorResources/S_TriggerBox.uexp" 18
"../../../Engine/Content/EditorResources/S_TriggerCapsule.uasset" 19
"../../../Engine/Content/EditorResources/S_TriggerCapsule.uexp" 20
"../../../Engine/Content/EditorResources/S_TriggerSphere.uasset" 21
"../../../Engine/Content/EditorResources/S_TriggerSphere.uexp" 22
"../../../Engine/Content/EngineMeshes/Sphere.uasset" 23
"../../../Engine/Content/EngineMeshes/Sphere.ubulk" 24
"../../../Engine/Content/EngineMeshes/Sphere.uexp" 25
"../../../Engine/Content/EngineResources/GradientTexture0.uasset" 26
"../../../Engine/Content/EngineResources/GradientTexture0.uexp" 27
"../../../Engine/Content/EngineResources/Black.uasset" 28
"../../../Engine/Content/EngineResources/Black.uexp" 29
"../../../Engine/Content/EditorResources/S_Solver.uasset" 30
"../../../Engine/Content/EditorResources/S_Solver.ubulk" 31
"../../../Engine/Content/EditorResources/S_Solver.uexp" 32
"../../../Engine/Content/EditorMaterials/Camera/CineMat.uasset" 33
"../../../Engine/Content/EditorMaterials/Camera/CineMat.uexp" 34
"../../../Engine/Content/EditorMaterials/Camera/MI_CineMat_Rig.uasset" 35
"../../../Engine/Content/EditorMaterials/Camera/MI_CineMat_Rig.uexp" 36
"../../../Engine/Content/EditorMeshes/Camera/SM_CraneRig_Base.uasset" 37
"../../../Engine/Content/EditorMeshes/Camera/SM_CraneRig_Base.ubulk" 38
"../../../Engine/Content/EditorMeshes/Camera/SM_CraneRig_Base.uexp" 39
"../../../Engine/Content/EditorMeshes/Camera/SM_CraneRig_Arm.uasset" 40
"../../../Engine/Content/EditorMeshes/Camera/SM_CraneRig_Arm.ubulk" 41
"../../../Engine/Content/EditorMeshes/Camera/SM_CraneRig_Arm.uexp" 42
"../../../Engine/Content/EditorMeshes/Camera/SM_CraneRig_Mount.uasset" 43
"../../../Engine/Content/EditorMeshes/Camera/SM_CraneRig_Mount.ubulk" 44
"../../../Engine/Content/EditorMeshes/Camera/SM_CraneRig_Mount.uexp" 45
"../../../Engine/Content/EditorMeshes/Camera/SM_CraneRig_Body.uasset" 46
"../../../Engine/Content/EditorMeshes/Camera/SM_CraneRig_Body.ubulk" 47
"../../../Engine/Content/EditorMeshes/Camera/SM_CraneRig_Body.uexp" 48
"../../../Engine/Content/EditorMeshes/Camera/SM_RailRig_Track.uasset" 49
"../../../Engine/Content/EditorMeshes/Camera/SM_RailRig_Track.ubulk" 50
"../../../Engine/Content/EditorMeshes/Camera/SM_RailRig_Track.uexp" 51
"../../../Engine/Content/EditorMeshes/Camera/SM_RailRig_Mount.uasset" 52
"../../../Engine/Content/EditorMeshes/Camera/SM_RailRig_Mount.ubulk" 53
"../../../Engine/Content/EditorMeshes/Camera/SM_RailRig_Mount.uexp" 54
"../../../Engine/Content/EngineMaterials/T_Default_Material_Grid_M.uasset" 55
"../../../Engine/Content/EngineMaterials/T_Default_Material_Grid_M.ubulk" 56
"../../../Engine/Content/EngineMaterials/T_Default_Material_Grid_M.uexp" 57
"../../../Engine/Content/EngineMaterials/T_Default_Material_Grid_N.uasset" 58
"../../../Engine/Content/EngineMaterials/T_Default_Material_Grid_N.ubulk" 59
"../../../Engine/Content/EngineMaterials/T_Default_Material_Grid_N.uexp" 60
"../../../Engine/Content/Functions/Engine_MaterialFunctions01/Opacity/CameraDepthFade.uasset" 61
"../../../Engine/Content/Functions/Engine_MaterialFunctions01/Opacity/CameraDepthFade.uexp" 62
"../../../Engine/Content/EngineMaterials/WorldGridMaterial.uasset" 63
"../../../Engine/Content/EngineMaterials/WorldGridMaterial.uexp" 64
"../../../Engine/Content/ArtTools/RenderToTexture/Meshes/S_1_Unit_Plane.uasset" 65
"../../../Engine/Content/ArtTools/RenderToTexture/Meshes/S_1_Unit_Plane.ubulk" 66
"../../../Engine/Content/ArtTools/RenderToTexture/Meshes/S_1_Unit_Plane.uexp" 67
"../../../Engine/Content/VREditor/LaserPointer/VR_LaserPower_01.uasset" 68
"../../../Engine/Content/VREditor/LaserPointer/VR_LaserPower_01.ubulk" 69
"../../../Engine/Content/VREditor/LaserPointer/VR_LaserPower_01.uexp" 70
"../../../Engine/Content/VREditor/TransformGizmo/TransformGizmoMaterial.uasset" 71
"../../../Engine/Content/VREditor/TransformGizmo/TransformGizmoMaterial.uexp" 72
"../../../Engine/Content/VREditor/TransformGizmo/TranslucentTransformGizmoMaterial.uasset" 73
"../../../Engine/Content/VREditor/TransformGizmo/TranslucentTransformGizmoMaterial.uexp" 74
"../../../Engine/Content/VREditor/TransformGizmo/PlaneTranslationHandle.uasset" 75
"../../../Engine/Content/VREditor/TransformGizmo/PlaneTranslationHandle.ubulk" 76
"../../../Engine/Content/VREditor/TransformGizmo/PlaneTranslationHandle.uexp" 77
"../../../Engine/Content/VREditor/TransformGizmo/BoundingBoxCorner.uasset" 78
"../../../Engine/Content/VREditor/TransformGizmo/BoundingBoxCorner.ubulk" 79
"../../../Engine/Content/VREditor/TransformGizmo/BoundingBoxCorner.uexp" 80
"../../../Engine/Content/VREditor/TransformGizmo/BoundingBoxEdge.uasset" 81
"../../../Engine/Content/VREditor/TransformGizmo/BoundingBoxEdge.ubulk" 82
"../../../Engine/Content/VREditor/TransformGizmo/BoundingBoxEdge.uexp" 83
"../../../Engine/Content/VREditor/TransformGizmo/Main.uasset" 84
"../../../Engine/Content/VREditor/TransformGizmo/Main.uexp" 85
"../../../Engine/Content/VREditor/TransformGizmo/Xray.uasset" 86
"../../../Engine/Content/VREditor/TransformGizmo/Xray.uexp" 87
"../../../Engine/Content/VREditor/TransformGizmo/SM_Sequencer_Node.uasset" 88
"../../../Engine/Content/VREditor/TransformGizmo/SM_Sequencer_Node.ubulk" 89
"../../../Engine/Content/VREditor/TransformGizmo/SM_Sequencer_Node.uexp" 90
"../../../Engine/Content/EditorMaterials/ParticleSystems/PSysThumbnail_NoImage.uasset" 91
"../../../Engine/Content/EditorMaterials/ParticleSystems/PSysThumbnail_NoImage.ubulk" 92
"../../../Engine/Content/EditorMaterials/ParticleSystems/PSysThumbnail_NoImage.uexp" 93
"../../../Engine/Content/EditorMaterials/ParticleSystems/PSysThumbnail_OOD.uasset" 94
"../../../Engine/Content/EditorMaterials/ParticleSystems/PSysThumbnail_OOD.ubulk" 95
"../../../Engine/Content/EditorMaterials/ParticleSystems/PSysThumbnail_OOD.uexp" 96
"../../../Engine/Content/EditorLandscapeResources/SplineEditorMeshMat.uasset" 97
"../../../Engine/Content/EditorLandscapeResources/SplineEditorMeshMat.uexp" 98
"../../../Engine/Content/EditorLandscapeResources/SplineEditorMesh.uasset" 99
"../../../Engine/Content/EditorLandscapeResources/SplineEditorMesh.ubulk" 100
"../../../Engine/Content/EditorLandscapeResources/SplineEditorMesh.uexp" 101
"../../../Engine/Plugins/Media/MediaPlate/Content/SM_MediaPlateScreen.uasset" 102
"../../../Engine/Plugins/Media/MediaPlate/Content/SM_MediaPlateScreen.ubulk" 103
"../../../Engine/Plugins/Media/MediaPlate/Content/SM_MediaPlateScreen.uexp" 104
"../../../Engine/Content/EngineMaterials/Good64x64TilingNoiseHighFreq.uasset" 105
"../../../Engine/Content/EngineMaterials/Good64x64TilingNoiseHighFreq.uexp" 106
"../../../Engine/Content/EngineMaterials/DefaultBokeh.uasset" 107
"../../../Engine/Content/EngineMaterials/DefaultBokeh.uexp" 108
"../../../Engine/Content/EngineMaterials/PreintegratedSkinBRDF.uasset" 109
"../../../Engine/Content/EngineMaterials/PreintegratedSkinBRDF.uexp" 110
"../../../Engine/Content/EngineMaterials/MiniFont.uasset" 111
"../../../Engine/Content/EngineMaterials/MiniFont.uexp" 112
"../../../Engine/Content/EngineMaterials/WeightMapPlaceholderTexture.uasset" 113
"../../../Engine/Content/EngineMaterials/WeightMapPlaceholderTexture.uexp" 114
"../../../Engine/Content/EngineMaterials/DefaultWhiteGrid.uasset" 115
"../../../Engine/Content/EngineMaterials/DefaultWhiteGrid.ubulk" 116
"../../../Engine/Content/EngineMaterials/DefaultWhiteGrid.uexp" 117
"/Volumes/School 2022/RAVE/UE5_Dynamic_Synth/UE5_DynamicSynth/Content/LevelPrototyping/Textures/T_GridChecker_A.uasset" 118
"/Volumes/School 2022/RAVE/UE5_Dynamic_Synth/UE5_DynamicSynth/Content/LevelPrototyping/Textures/T_GridChecker_A.ubulk" 119
"/Volumes/School 2022/RAVE/UE5_Dynamic_Synth/UE5_DynamicSynth/Content/LevelPrototyping/Textures/T_GridChecker_A.uexp" 120
"../../../Engine/Content/Functions/Engine_MaterialFunctions02/Utility/MakeFloat3.uasset" 121
"../../../Engine/Content/Functions/Engine_MaterialFunctions02/Utility/MakeFloat3.uexp" 122
"../../../Engine/Content/Functions/Engine_MaterialFunctions01/Gradient/LinearGradient.uasset" 123
"../../../Engine/Content/Functions/Engine_MaterialFunctions01/Gradient/LinearGradient.uexp" 124
"../../../Engine/Content/Functions/Engine_MaterialFunctions01/ImageAdjustment/CheapContrast.uasset" 125
"../../../Engine/Content/Functions/Engine_MaterialFunctions01/ImageAdjustment/CheapContrast.uexp" 126
"../../../Engine/Content/Functions/Engine_MaterialFunctions02/Utility/BreakOutFloat3Components.uasset" 127
"../../../Engine/Content/Functions/Engine_MaterialFunctions02/Utility/BreakOutFloat3Components.uexp" 128
"/Volumes/School 2022/RAVE/UE5_Dynamic_Synth/UE5_DynamicSynth/Content/LevelPrototyping/Materials/MF_ProcGrid.uasset" 129
"/Volumes/School 2022/RAVE/UE5_Dynamic_Synth/UE5_DynamicSynth/Content/LevelPrototyping/Materials/MF_ProcGrid.uexp" 130
"/Volumes/School 2022/RAVE/UE5_Dynamic_Synth/UE5_DynamicSynth/Content/LevelPrototyping/Materials/M_PrototypeGrid.uasset" 131
"/Volumes/School 2022/RAVE/UE5_Dynamic_Synth/UE5_DynamicSynth/Content/LevelPrototyping/Materials/M_PrototypeGrid.uexp" 132
"/Volumes/School 2022/RAVE/UE5_Dynamic_Synth/UE5_DynamicSynth/Content/LevelPrototyping/Materials/MI_PrototypeGrid_Gray.uasset" 133
"/Volumes/School 2022/RAVE/UE5_Dynamic_Synth/UE5_DynamicSynth/Content/LevelPrototyping/Materials/MI_PrototypeGrid_Gray.uexp" 134
"/Volumes/School 2022/RAVE/UE5_Dynamic_Synth/UE5_DynamicSynth/Content/LevelPrototyping/Meshes/SM_Cube.uasset" 135
"/Volumes/School 2022/RAVE/UE5_Dynamic_Synth/UE5_DynamicSynth/Content/LevelPrototyping/Meshes/SM_Cube.ubulk" 136
"/Volumes/School 2022/RAVE/UE5_Dynamic_Synth/UE5_DynamicSynth/Content/LevelPrototyping/Meshes/SM_Cube.uexp" 137
"../../../Engine/Content/EngineMaterials/DefaultMaterial.uasset" 138
"../../../Engine/Content/EngineMaterials/DefaultMaterial.uexp" 139
"../../../Engine/Content/BasicShapes/Sphere.uasset" 140
"../../../Engine/Content/BasicShapes/Sphere.ubulk" 141
"../../../Engine/Content/BasicShapes/Sphere.uexp" 142
"../../../Engine/Content/BasicShapes/Plane.uasset" 143
"../../../Engine/Content/BasicShapes/Plane.ubulk" 144
"../../../Engine/Content/BasicShapes/Plane.uexp" 145
"../../../Engine/Content/BasicShapes/Cylinder.uasset" 146
"../../../Engine/Content/BasicShapes/Cylinder.ubulk" 147
"../../../Engine/Content/BasicShapes/Cylinder.uexp" 148
"../../../Engine/Content/BasicShapes/Cone.uasset" 149
"../../../Engine/Content/BasicShapes/Cone.ubulk" 150
"../../../Engine/Content/BasicShapes/Cone.uexp" 151
"../../../Engine/Content/EditorLandscapeResources/DefaultAlphaTexture.uasset" 152
"../../../Engine/Content/EditorLandscapeResources/DefaultAlphaTexture.uexp" 153
"../../../Engine/Content/EditorLandscapeResources/DataLayer.uasset" 154
"../../../Engine/Content/EditorLandscapeResources/DataLayer.uexp" 155
"../../../Engine/Content/EditorMaterials/PreviewShadowIndicator.uasset" 156
"../../../Engine/Content/EditorMaterials/PreviewShadowIndicator.ubulk" 157
"../../../Engine/Content/EditorMaterials/PreviewShadowIndicator.uexp" 158
"../../../Engine/Content/EditorMaterials/PreviewShadowIndicatorMaterial.uasset" 159
"../../../Engine/Content/EditorMaterials/PreviewShadowIndicatorMaterial.uexp" 160
"../../../Engine/Content/EditorMaterials/PhAT_UnselectedMaterial.uasset" 161
"../../../Engine/Content/EditorMaterials/PhAT_UnselectedMaterial.uexp" 162
"../../../Engine/Content/EditorMaterials/PhAT_NoCollisionMaterial.uasset" 163
"../../../Engine/Content/EditorMaterials/PhAT_NoCollisionMaterial.uexp" 164
"../../../Engine/Content/Functions/Engine_MaterialFunctions02/Utility/MakeFloat4.uasset" 165
"../../../Engine/Content/Functions/Engine_MaterialFunctions02/Utility/MakeFloat4.uexp" 166
"../../../Engine/Content/EditorMaterials/WorldPartition/WorldPartitionSpatialHashGridPreviewMaterial.uasset" 167
"../../../Engine/Content/EditorMaterials/WorldPartition/WorldPartitionSpatialHashGridPreviewMaterial.uexp" 168
"../../../Engine/Content/EditorResources/S_Terrain.uasset" 169
"../../../Engine/Content/EditorResources/S_Terrain.ubulk" 170
"../../../Engine/Content/EditorResources/S_Terrain.uexp" 171
"../../../Engine/Content/EditorResources/EmptyActor.uasset" 172
"../../../Engine/Content/EditorResources/EmptyActor.uexp" 173
"../../../Engine/Content/EditorResources/BSPVertex.uasset" 174
"../../../Engine/Content/EditorResources/BSPVertex.uexp" 175
"../../../Engine/Content/EditorResources/SequenceRecorder/RecordingIndicator.uasset" 176
"../../../Engine/Content/EditorResources/SequenceRecorder/RecordingIndicator.uexp" 177
"../../../Engine/Content/EditorResources/SequenceRecorder/Countdown.uasset" 178
"../../../Engine/Content/EditorResources/SequenceRecorder/Countdown.uexp" 179
"../../../Engine/Content/EngineDamageTypes/DmgTypeBP_Environmental.uasset" 180
"../../../Engine/Content/EngineDamageTypes/DmgTypeBP_Environmental.uexp" 181
"../../../Engine/Content/Functions/Engine_MaterialFunctions02/Utility/CameraDirectionVector.uasset" 182
"../../../Engine/Content/Functions/Engine_MaterialFunctions02/Utility/CameraDirectionVector.uexp" 183
"../../../Engine/Content/EngineDebugMaterials/VolumeToRender.uasset" 184
"../../../Engine/Content/EngineDebugMaterials/VolumeToRender.uexp" 185
"../../../Engine/Content/EngineDebugMaterials/M_VolumeRenderSphereTracePP.uasset" 186
"../../../Engine/Content/EngineDebugMaterials/M_VolumeRenderSphereTracePP.uexp" 187
"../../../Engine/Content/EngineDebugMaterials/M_SimpleUnlitTranslucent.uasset" 188
"../../../Engine/Content/EngineDebugMaterials/M_SimpleUnlitTranslucent.uexp" 189
"../../../Engine/Content/EngineDebugMaterials/DebugMeshMaterial.uasset" 190
"../../../Engine/Content/EngineDebugMaterials/DebugMeshMaterial.uexp" 191
"../../../Engine/Content/EngineDebugMaterials/DebugEditorMaterial.uasset" 192
"../../../Engine/Content/EngineDebugMaterials/DebugEditorMaterial.uexp" 193
"../../../Engine/Content/EngineFonts/Faces/RobotoLight.uasset" 194
"../../../Engine/Content/EngineFonts/Faces/RobotoLight.ufont" 195
"../../../Engine/Content/EngineFonts/Faces/RobotoLight.uexp" 196
"../../../Engine/Content/EngineFonts/Faces/RobotoBold.uasset" 197
"../../../Engine/Content/EngineFonts/Faces/RobotoBold.ufont" 198
"../../../Engine/Content/EngineFonts/Faces/RobotoBold.uexp" 199
"../../../Engine/Content/EngineFonts/Faces/RobotoRegular.uasset" 200
"../../../Engine/Content/EngineFonts/Faces/RobotoRegular.ufont" 201
"../../../Engine/Content/EngineFonts/Faces/RobotoRegular.uexp" 202
"../../../Engine/Content/EngineFonts/Faces/DroidSansFallback.uasset" 203
"../../../Engine/Content/EngineFonts/Faces/DroidSansFallback.ufont" 204
"../../../Engine/Content/EngineFonts/Faces/DroidSansFallback.uexp" 205
"../../../Engine/Content/EngineFonts/Faces/RobotoItalic.uasset" 206
"../../../Engine/Content/EngineFonts/Faces/RobotoItalic.ufont" 207
"../../../Engine/Content/EngineFonts/Faces/RobotoItalic.uexp" 208
"../../../Engine/Content/EngineFonts/Faces/RobotoBoldItalic.uasset" 209
"../../../Engine/Content/EngineFonts/Faces/RobotoBoldItalic.ufont" 210
"../../../Engine/Content/EngineFonts/Faces/RobotoBoldItalic.uexp" 211
"../../../Engine/Content/EngineFonts/Roboto.uasset" 212
"../../../Engine/Content/EngineFonts/Roboto.uexp" 213
"../../../Engine/Content/EngineResources/WhiteSquareTexture.uasset" 214
"../../../Engine/Content/EngineResources/WhiteSquareTexture.uexp" 215
"../../../Engine/Content/EngineMaterials/Widget3DPassThrough.uasset" 216
"../../../Engine/Content/EngineMaterials/Widget3DPassThrough.uexp" 217
"../../../Engine/Content/EngineMaterials/Widget3DPassThrough_Translucent.uasset" 218
"../../../Engine/Content/EngineMaterials/Widget3DPassThrough_Translucent.uexp" 219
"../../../Engine/Content/EngineMaterials/Widget3DPassThrough_Translucent_OneSided.uasset" 220
"../../../Engine/Content/EngineMaterials/Widget3DPassThrough_Translucent_OneSided.uexp" 221
"../../../Engine/Content/EngineMaterials/Widget3DPassThrough_Opaque.uasset" 222
"../../../Engine/Content/EngineMaterials/Widget3DPassThrough_Opaque.uexp" 223
"../../../Engine/Content/EngineMaterials/Widget3DPassThrough_Opaque_OneSided.uasset" 224
"../../../Engine/Content/EngineMaterials/Widget3DPassThrough_Opaque_OneSided.uexp" 225
"../../../Engine/Content/EngineMaterials/Widget3DPassThrough_Masked_OneSided.uasset" 226
"../../../Engine/Content/EngineMaterials/Widget3DPassThrough_Masked_OneSided.uexp" 227
"../../../Engine/Content/EngineMaterials/Widget3DPassThrough_Masked.uasset" 228
"../../../Engine/Content/EngineMaterials/Widget3DPassThrough_Masked.uexp" 229
"../../../Engine/Content/EngineMaterials/STBlueNoise_vec2_128x128x64.uasset" 230
"../../../Engine/Content/EngineMaterials/STBlueNoise_vec2_128x128x64.uexp" 231
"../../../Engine/Content/EngineMaterials/STBlueNoise_scalar_128x128x64.uasset" 232
"../../../Engine/Content/EngineMaterials/STBlueNoise_scalar_128x128x64.uexp" 233
"../../../Engine/Content/EngineMaterials/RemoveSurfaceMaterial.uasset" 234
"../../../Engine/Content/EngineMaterials/RemoveSurfaceMaterial.uexp" 235
"../../../Engine/Content/EngineMaterials/DefaultCalibrationGrayscale.uasset" 236
"../../../Engine/Content/EngineMaterials/DefaultCalibrationGrayscale.uexp" 237
"../../../Engine/Content/EngineMaterials/PPM_DefaultCalibrationGrayscale.uasset" 238
"../../../Engine/Content/EngineMaterials/PPM_DefaultCalibrationGrayscale.uexp" 239
"../../../Engine/Content/EngineMaterials/DefaultCalibrationColor.uasset" 240
"../../../Engine/Content/EngineMaterials/DefaultCalibrationColor.uexp" 241
"../../../Engine/Content/EngineMaterials/PPM_DefaultCalibrationColor.uasset" 242
"../../../Engine/Content/EngineMaterials/PPM_DefaultCalibrationColor.uexp" 243
"../../../Engine/Content/Functions/Engine_MaterialFunctions02/WorldPositionOffset/CameraOffset.uasset" 244
"../../../Engine/Content/Functions/Engine_MaterialFunctions02/WorldPositionOffset/CameraOffset.uexp" 245
"../../../Engine/Content/EngineMaterials/PhAT_JointLimitMaterial.uasset" 246
"../../../Engine/Content/EngineMaterials/PhAT_JointLimitMaterial.uexp" 247
"../../../Engine/Content/EngineMaterials/InvalidLightmapSettings.uasset" 248
"../../../Engine/Content/EngineMaterials/InvalidLightmapSettings.ubulk" 249
"../../../Engine/Content/EngineMaterials/InvalidLightmapSettings.uexp" 250
"../../../Engine/Content/EngineMaterials/M_InvalidLightmapSettings.uasset" 251
"../../../Engine/Content/EngineMaterials/M_InvalidLightmapSettings.uexp" 252
"../../../Engine/Content/EngineMaterials/GizmoMaterial.uasset" 253
"../../../Engine/Content/EngineMaterials/GizmoMaterial.uexp" 254
"../../../Engine/Content/EngineMaterials/BaseFlattenEmissiveMap_VT.uasset" 255
"../../../Engine/Content/EngineMaterials/BaseFlattenEmissiveMap_VT.uexp" 256
"../../../Engine/Content/EngineMaterials/BaseFlattenGrayscaleMap_VT.uasset" 257
"../../../Engine/Content/EngineMaterials/BaseFlattenGrayscaleMap_VT.uexp" 258
"../../../Engine/Content/EngineMaterials/BaseFlattenLinearColor_VT.uasset" 259
"../../../Engine/Content/EngineMaterials/BaseFlattenLinearColor_VT.uexp" 260
"../../../Engine/Content/EngineMaterials/Black_1x1_EXR_Texture_VT.uasset" 261
"../../../Engine/Content/EngineMaterials/Black_1x1_EXR_Texture_VT.uexp" 262
"../../../Engine/Content/EngineMaterials/BaseFlattenDiffuseMap_VT.uasset" 263
"../../../Engine/Content/EngineMaterials/BaseFlattenDiffuseMap_VT.uexp" 264
"../../../Engine/Content/EngineMaterials/BaseFlattenNormalMap_VT.uasset" 265
"../../../Engine/Content/EngineMaterials/BaseFlattenNormalMap_VT.uexp" 266
"../../../Engine/Content/EngineMaterials/FlattenMaterial_WS_Normal_VT.uasset" 267
"../../../Engine/Content/EngineMaterials/FlattenMaterial_WS_Normal_VT.uexp" 268
"../../../Engine/Content/EngineMaterials/FlattenMaterial_VT.uasset" 269
"../../../Engine/Content/EngineMaterials/FlattenMaterial_VT.uexp" 270
"../../../Engine/Content/EngineMaterials/BaseFlattenNormalMap.uasset" 271
"../../../Engine/Content/EngineMaterials/BaseFlattenNormalMap.uexp" 272
"../../../Engine/Content/EngineMaterials/BaseFlattenGrayscaleMap.uasset" 273
"../../../Engine/Content/EngineMaterials/BaseFlattenGrayscaleMap.uexp" 274
"../../../Engine/Content/EngineMaterials/BaseFlattenDiffuseMap.uasset" 275
"../../../Engine/Content/EngineMaterials/BaseFlattenDiffuseMap.uexp" 276
"../../../Engine/Content/Functions/Engine_MaterialFunctions02/PivotPainter2/Black_1x1_EXR_Texture.uasset" 277
"../../../Engine/Content/Functions/Engine_MaterialFunctions02/PivotPainter2/Black_1x1_EXR_Texture.uexp" 278
"../../../Engine/Content/EngineMaterials/BaseFlattenEmissiveMap.uasset" 279
"../../../Engine/Content/EngineMaterials/BaseFlattenEmissiveMap.uexp" 280
"../../../Engine/Content/EngineMaterials/BaseFlattenLinearColor.uasset" 281
"../../../Engine/Content/EngineMaterials/BaseFlattenLinearColor.uexp" 282
"../../../Engine/Content/EngineMaterials/FlattenMaterial.uasset" 283
"../../../Engine/Content/EngineMaterials/FlattenMaterial.uexp" 284
"../../../Engine/Content/EngineMaterials/DefaultWhiteGrid_Low.uasset" 285
"../../../Engine/Content/EngineMaterials/DefaultWhiteGrid_Low.uexp" 286
"../../../Engine/Content/EngineMaterials/EmissiveMeshMaterial.uasset" 287
"../../../Engine/Content/EngineMaterials/EmissiveMeshMaterial.uexp" 288
"../../../Engine/Content/EngineFonts/RobotoDistanceField.uasset" 289
"../../../Engine/Content/EngineFonts/RobotoDistanceField.uexp" 290
"../../../Engine/Content/EngineMaterials/DefaultTextMaterialOpaque.uasset" 291
"../../../Engine/Content/EngineMaterials/DefaultTextMaterialOpaque.uexp" 292
"../../../Engine/Content/EngineMaterials/DefaultDiffuse.uasset" 293
"../../../Engine/Content/EngineMaterials/DefaultDiffuse.ubulk" 294
"../../../Engine/Content/EngineMaterials/DefaultDiffuse.uexp" 295
"../../../Engine/Content/Functions/Engine_MaterialFunctions02/Utility/BreakOutFloat2Components.uasset" 296
"../../../Engine/Content/Functions/Engine_MaterialFunctions02/Utility/BreakOutFloat2Components.uexp" 297
"../../../Engine/Content/EngineMaterials/DefaultPostProcessMaterial.uasset" 298
"../../../Engine/Content/EngineMaterials/DefaultPostProcessMaterial.uexp" 299
"../../../Engine/Content/EngineMaterials/DefaultLightFunctionMaterial.uasset" 300
"../../../Engine/Content/EngineMaterials/DefaultLightFunctionMaterial.uexp" 301
"../../../Engine/Content/EngineMaterials/DefaultDestructiblePhysicalMaterial.uasset" 302
"../../../Engine/Content/EngineMaterials/DefaultDestructiblePhysicalMaterial.uexp" 303
"../../../Engine/Content/EngineMaterials/DefaultDeferredDecalMaterial.uasset" 304
"../../../Engine/Content/EngineMaterials/DefaultDeferredDecalMaterial.uexp" 305
"../../../Engine/Content/EngineMaterials/DefaultBloomKernel.uasset" 306
"../../../Engine/Content/EngineMaterials/DefaultBloomKernel.uexp" 307
"../../../Engine/Plugins/Runtime/MeshModelingToolset/Content/Materials/M_DynamicMeshComponentVtxColor.uasset" 308
"../../../Engine/Plugins/Runtime/MeshModelingToolset/Content/Materials/M_DynamicMeshComponentVtxColor.uexp" 309
"../../../Engine/Content/EngineResources/FilmGrains/Marcie_Grain_v3_128_M2_000.uasset" 310
"../../../Engine/Content/EngineResources/FilmGrains/Marcie_Grain_v3_128_M2_000.uexp" 311
"../../../Engine/Content/EngineSky/VolumetricClouds/CloudWeatherTexture.uasset" 312
"../../../Engine/Content/EngineSky/VolumetricClouds/CloudWeatherTexture.uexp" 313
"../../../Engine/Content/Functions/Engine_MaterialFunctions02/Utility/MakeFloat2.uasset" 314
"../../../Engine/Content/Functions/Engine_MaterialFunctions02/Utility/MakeFloat2.uexp" 315
"../../../Engine/Content/EngineSky/VolumetricClouds/CloudGradientTexture.uasset" 316
"../../../Engine/Content/EngineSky/VolumetricClouds/CloudGradientTexture.uexp" 317
"../../../Engine/Content/EngineSky/VolumetricClouds/T_NoiseShape64.uasset" 318
"../../../Engine/Content/EngineSky/VolumetricClouds/T_NoiseShape64.ubulk" 319
"../../../Engine/Content/EngineSky/VolumetricClouds/T_NoiseShape64.uexp" 320
"../../../Engine/Content/EngineSky/VolumetricClouds/T_VolumeNoiseShape64.uasset" 321
"../../../Engine/Content/EngineSky/VolumetricClouds/T_VolumeNoiseShape64.uexp" 322
"../../../Engine/Content/EngineSky/VolumetricClouds/T_NoiseErosion.uasset" 323
"../../../Engine/Content/EngineSky/VolumetricClouds/T_NoiseErosion.ubulk" 324
"../../../Engine/Content/EngineSky/VolumetricClouds/T_NoiseErosion.uexp" 325
"../../../Engine/Content/EngineSky/VolumetricClouds/T_VolumeNoiseErosion32.uasset" 326
"../../../Engine/Content/EngineSky/VolumetricClouds/T_VolumeNoiseErosion32.uexp" 327
"../../../Engine/Content/EngineSky/VolumetricClouds/m_SimpleVolumetricCloud.uasset" 328
"../../../Engine/Content/EngineSky/VolumetricClouds/m_SimpleVolumetricCloud.uexp" 329
"../../../Engine/Content/EngineSky/VolumetricClouds/m_SimpleVolumetricCloud_Inst.uasset" 330
"../../../Engine/Content/EngineSky/VolumetricClouds/m_SimpleVolumetricCloud_Inst.uexp" 331
"../../../Engine/Content/EngineSounds/Master.uasset" 332
"../../../Engine/Content/EngineSounds/Master.uexp" 333
"../../../Engine/Content/Functions/Engine_MaterialFunctions01/Shading/PowerToRoughness.uasset" 334
"../../../Engine/Content/Functions/Engine_MaterialFunctions01/Shading/PowerToRoughness.uexp" 335
"../../../Engine/Content/MapTemplates/Sky/DaylightAmbientCubemap.uasset" 336
"../../../Engine/Content/MapTemplates/Sky/DaylightAmbientCubemap.uexp" 337
"../../../Engine/Content/Functions/Engine_MaterialFunctions02/ExampleContent/Textures/newhplaneAlphaMap.uasset" 338
"../../../Engine/Content/Functions/Engine_MaterialFunctions02/ExampleContent/Textures/newhplaneAlphaMap.ubulk" 339
"../../../Engine/Content/Functions/Engine_MaterialFunctions02/ExampleContent/Textures/newhplaneAlphaMap.uexp" 340
"../../../Engine/Content/Functions/Engine_MaterialFunctions02/ExampleContent/Textures/newhplaneNormalsMap.uasset" 341
"../../../Engine/Content/Functions/Engine_MaterialFunctions02/ExampleContent/Textures/newhplaneNormalsMap.ubulk" 342
"../../../Engine/Content/Functions/Engine_MaterialFunctions02/ExampleContent/Textures/newhplaneNormalsMap.uexp" 343
"../../../Engine/Content/Functions/Engine_MaterialFunctions02/ExampleContent/Textures/newhplaneHeightMap.uasset" 344
"../../../Engine/Content/Functions/Engine_MaterialFunctions02/ExampleContent/Textures/newhplaneHeightMap.ubulk" 345
"../../../Engine/Content/Functions/Engine_MaterialFunctions02/ExampleContent/Textures/newhplaneHeightMap.uexp" 346
"../../../Engine/Content/Functions/Engine_MaterialFunctions02/Texturing/3dParticleOpacity.uasset" 347
"../../../Engine/Content/Functions/Engine_MaterialFunctions02/Texturing/3dParticleOpacity.uexp" 348
"../../../Engine/Content/Functions/Engine_MaterialFunctions02/ExampleContent/Textures/newhplaneLightingMap.uasset" 349
"../../../Engine/Content/Functions/Engine_MaterialFunctions02/ExampleContent/Textures/newhplaneLightingMap.ubulk" 350
"../../../Engine/Content/Functions/Engine_MaterialFunctions02/ExampleContent/Textures/newhplaneLightingMap.uexp" 351
"../../../Engine/Content/Functions/Engine_MaterialFunctions02/ExampleContent/3dParticleOpacity_Mat.uasset" 352
"../../../Engine/Content/Functions/Engine_MaterialFunctions02/ExampleContent/3dParticleOpacity_Mat.uexp" 353
"../../../Engine/Content/Maps/Templates/HLODs/HLODLayer_Merged.uasset" 354
"../../../Engine/Content/Maps/Templates/HLODs/HLODLayer_Merged.uexp" 355
"../../../Engine/Content/MobileResources/HUD/VirtualJoystick_Background.uasset" 356
"../../../Engine/Content/MobileResources/HUD/VirtualJoystick_Background.uexp" 357
"../../../Engine/Content/MobileResources/HUD/VirtualJoystick_Thumb.uasset" 358
"../../../Engine/Content/MobileResources/HUD/VirtualJoystick_Thumb.uexp" 359
"../../../Engine/Content/MobileResources/HUD/DefaultVirtualJoysticks.uasset" 360
"../../../Engine/Content/MobileResources/HUD/DefaultVirtualJoysticks.uexp" 361
"../../../Engine/Plugins/Animation/ControlRig/Content/M_Manip.uasset" 362
"../../../Engine/Plugins/Animation/ControlRig/Content/M_Manip.uexp" 363
"../../../Engine/Plugins/Animation/ControlRig/Content/Controls/DefaultGizmoLibraryNormalized.uasset" 364
"../../../Engine/Plugins/Animation/ControlRig/Content/Controls/DefaultGizmoLibraryNormalized.uexp" 365
"../../../Engine/Plugins/Animation/ControlRig/Content/Controls/ControlRigXRayMaterial.uasset" 366
"../../../Engine/Plugins/Animation/ControlRig/Content/Controls/ControlRigXRayMaterial.uexp" 367
"../../../Engine/Plugins/Animation/ControlRig/Content/Controls/ControlRigGizmoMaterial.uasset" 368
"../../../Engine/Plugins/Animation/ControlRig/Content/Controls/ControlRigGizmoMaterial.uexp" 369
"../../../Engine/Plugins/Animation/ControlRig/Content/Controls/ControlRig_Wedge_solid.uasset" 370
"../../../Engine/Plugins/Animation/ControlRig/Content/Controls/ControlRig_Wedge_solid.ubulk" 371
"../../../Engine/Plugins/Animation/ControlRig/Content/Controls/ControlRig_Wedge_solid.uexp" 372
"../../../Engine/Plugins/Animation/ControlRig/Content/Controls/ControlRig_Wedge_3mm.uasset" 373
"../../../Engine/Plugins/Animation/ControlRig/Content/Controls/ControlRig_Wedge_3mm.ubulk" 374
"../../../Engine/Plugins/Animation/ControlRig/Content/Controls/ControlRig_Wedge_3mm.uexp" 375
"../../../Engine/Plugins/Animation/ControlRig/Content/Controls/ControlRig_Wedge_1mm.uasset" 376
"../../../Engine/Plugins/Animation/ControlRig/Content/Controls/ControlRig_Wedge_1mm.ubulk" 377
"../../../Engine/Plugins/Animation/ControlRig/Content/Controls/ControlRig_Wedge_1mm.uexp" 378
"../../../Engine/Plugins/Animation/ControlRig/Content/Controls/ControlRig_Triangle_solid.uasset" 379
"../../../Engine/Plugins/Animation/ControlRig/Content/Controls/ControlRig_Triangle_solid.ubulk" 380
"../../../Engine/Plugins/Animation/ControlRig/Content/Controls/ControlRig_Triangle_solid.uexp" 381
"../../../Engine/Plugins/Animation/ControlRig/Content/Controls/ControlRig_Triangle_3mm.uasset" 382
"../../../Engine/Plugins/Animation/ControlRig/Content/Controls/ControlRig_Triangle_3mm.ubulk" 383
"../../../Engine/Plugins/Animation/ControlRig/Content/Controls/ControlRig_Triangle_3mm.uexp" 384
"../../../Engine/Plugins/Animation/ControlRig/Content/Controls/ControlRig_Triangle_1mm.uasset" 385
"../../../Engine/Plugins/Animation/ControlRig/Content/Controls/ControlRig_Triangle_1mm.ubulk" 386
"../../../Engine/Plugins/Animation/ControlRig/Content/Controls/ControlRig_Triangle_1mm.uexp" 387
"../../../Engine/Plugins/Animation/ControlRig/Content/Controls/ControlRig_Star4_solid.uasset" 388
"../../../Engine/Plugins/Animation/ControlRig/Content/Controls/ControlRig_Star4_solid.ubulk" 389
"../../../Engine/Plugins/Animation/ControlRig/Content/Controls/ControlRig_Star4_solid.uexp" 390
"../../../Engine/Plugins/Animation/ControlRig/Content/Controls/ControlRig_Star4_3mm.uasset" 391
"../../../Engine/Plugins/Animation/ControlRig/Content/Controls/ControlRig_Star4_3mm.ubulk" 392
"../../../Engine/Plugins/Animation/ControlRig/Content/Controls/ControlRig_Star4_3mm.uexp" 393
"../../../Engine/Plugins/Animation/ControlRig/Content/Controls/ControlRig_Star4_1mm.uasset" 394
"../../../Engine/Plugins/Animation/ControlRig/Content/Controls/ControlRig_Star4_1mm.ubulk" 395
"../../../Engine/Plugins/Animation/ControlRig/Content/Controls/ControlRig_Star4_1mm.uexp" 396
"../../../Engine/Plugins/Animation/ControlRig/Content/Controls/ControlRig_Square_solid.uasset" 397
"../../../Engine/Plugins/Animation/ControlRig/Content/Controls/ControlRig_Square_solid.ubulk" 398
"../../../Engine/Plugins/Animation/ControlRig/Content/Controls/ControlRig_Square_solid.uexp" 399
"../../../Engine/Plugins/Animation/ControlRig/Content/Controls/ControlRig_Square_3mm.uasset" 400
"../../../Engine/Plugins/Animation/ControlRig/Content/Controls/ControlRig_Square_3mm.ubulk" 401
"../../../Engine/Plugins/Animation/ControlRig/Content/Controls/ControlRig_Square_3mm.uexp" 402
"../../../Engine/Plugins/Animation/ControlRig/Content/Controls/ControlRig_Square_1mm.uasset" 403
"../../../Engine/Plugins/Animation/ControlRig/Content/Controls/ControlRig_Square_1mm.ubulk" 404
"../../../Engine/Plugins/Animation/ControlRig/Content/Controls/ControlRig_Square_1mm.uexp" 405
"../../../Engine/Plugins/Animation/ControlRig/Content/Controls/ControlRig_Sphere_solid.uasset" 406
"../../../Engine/Plugins/Animation/ControlRig/Content/Controls/ControlRig_Sphere_solid.ubulk" 407
"../../../Engine/Plugins/Animation/ControlRig/Content/Controls/ControlRig_Sphere_solid.uexp" 408
"../../../Engine/Plugins/Animation/ControlRig/Content/Controls/ControlRig_Sphere_3mm.uasset" 409
"../../../Engine/Plugins/Animation/ControlRig/Content/Controls/ControlRig_Sphere_3mm.ubulk" 410
"../../../Engine/Plugins/Animation/ControlRig/Content/Controls/ControlRig_Sphere_3mm.uexp" 411
"../../../Engine/Plugins/Animation/ControlRig/Content/Controls/ControlRig_Sphere_1mm.uasset" 412
"../../../Engine/Plugins/Animation/ControlRig/Content/Controls/ControlRig_Sphere_1mm.ubulk" 413
"../../../Engine/Plugins/Animation/ControlRig/Content/Controls/ControlRig_Sphere_1mm.uexp" 414
"../../../Engine/Plugins/Animation/ControlRig/Content/Controls/ControlRig_RoundedTriangle_solid.uasset" 415
"../../../Engine/Plugins/Animation/ControlRig/Content/Controls/ControlRig_RoundedTriangle_solid.ubulk" 416
"../../../Engine/Plugins/Animation/ControlRig/Content/Controls/ControlRig_RoundedTriangle_solid.uexp" 417
"../../../Engine/Plugins/Animation/ControlRig/Content/Controls/ControlRig_RoundedTriangle_3mm.uasset" 418
"../../../Engine/Plugins/Animation/ControlRig/Content/Controls/ControlRig_RoundedTriangle_3mm.ubulk" 419
"../../../Engine/Plugins/Animation/ControlRig/Content/Controls/ControlRig_RoundedTriangle_3mm.uexp" 420
"../../../Engine/Plugins/Animation/ControlRig/Content/Controls/ControlRig_RoundedTriangle_1mm.uasset" 421
"../../../Engine/Plugins/Animation/ControlRig/Content/Controls/ControlRig_RoundedTriangle_1mm.ubulk" 422
"../../../Engine/Plugins/Animation/ControlRig/Content/Controls/ControlRig_RoundedTriangle_1mm.uexp" 423
"../../../Engine/Plugins/Animation/ControlRig/Content/Controls/ControlRig_RoundedSquare_solid.uasset" 424
"../../../Engine/Plugins/Animation/ControlRig/Content/Controls/ControlRig_RoundedSquare_solid.ubulk" 425
"../../../Engine/Plugins/Animation/ControlRig/Content/Controls/ControlRig_RoundedSquare_solid.uexp" 426
"../../../Engine/Plugins/Animation/ControlRig/Content/Controls/ControlRig_RoundedSquare_3mm.uasset" 427
"../../../Engine/Plugins/Animation/ControlRig/Content/Controls/ControlRig_RoundedSquare_3mm.ubulk" 428
"../../../Engine/Plugins/Animation/ControlRig/Content/Controls/ControlRig_RoundedSquare_3mm.uexp" 429
"../../../Engine/Plugins/Animation/ControlRig/Content/Controls/ControlRig_RoundedSquare_1mm.uasset" 430
"../../../Engine/Plugins/Animation/ControlRig/Content/Controls/ControlRig_RoundedSquare_1mm.ubulk" 431
"../../../Engine/Plugins/Animation/ControlRig/Content/Controls/ControlRig_RoundedSquare_1mm.uexp" 432
"../../../Engine/Plugins/Animation/ControlRig/Content/Controls/ControlRig_QuarterCircle_solid.uasset" 433
"../../../Engine/Plugins/Animation/ControlRig/Content/Controls/ControlRig_QuarterCircle_solid.ubulk" 434
"../../../Engine/Plugins/Animation/ControlRig/Content/Controls/ControlRig_QuarterCircle_solid.uexp" 435
"../../../Engine/Plugins/Animation/ControlRig/Content/Controls/ControlRig_QuarterCircle_3mm.uasset" 436
"../../../Engine/Plugins/Animation/ControlRig/Content/Controls/ControlRig_QuarterCircle_3mm.ubulk" 437
"../../../Engine/Plugins/Animation/ControlRig/Content/Controls/ControlRig_QuarterCircle_3mm.uexp" 438
"../../../Engine/Plugins/Animation/ControlRig/Content/Controls/ControlRig_QuarterCircle_1mm.uasset" 439
"../../../Engine/Plugins/Animation/ControlRig/Content/Controls/ControlRig_QuarterCircle_1mm.ubulk" 440
"../../../Engine/Plugins/Animation/ControlRig/Content/Controls/ControlRig_QuarterCircle_1mm.uexp" 441
"../../../Engine/Plugins/Animation/ControlRig/Content/Controls/ControlRig_Pyramid_solid.uasset" 442
"../../../Engine/Plugins/Animation/ControlRig/Content/Controls/ControlRig_Pyramid_solid.ubulk" 443
"../../../Engine/Plugins/Animation/ControlRig/Content/Controls/ControlRig_Pyramid_solid.uexp" 444
"../../../Engine/Plugins/Animation/ControlRig/Content/Controls/ControlRig_Pyramid_3mm.uasset" 445
"../../../Engine/Plugins/Animation/ControlRig/Content/Controls/ControlRig_Pyramid_3mm.ubulk" 446
"../../../Engine/Plugins/Animation/ControlRig/Content/Controls/ControlRig_Pyramid_3mm.uexp" 447
"../../../Engine/Plugins/Animation/ControlRig/Content/Controls/ControlRig_Pyramid_1mm.uasset" 448
"../../../Engine/Plugins/Animation/ControlRig/Content/Controls/ControlRig_Pyramid_1mm.ubulk" 449
"../../../Engine/Plugins/Animation/ControlRig/Content/Controls/ControlRig_Pyramid_1mm.uexp" 450
"../../../Engine/Plugins/Animation/ControlRig/Content/Controls/ControlRig_Octagon_solid.uasset" 451
"../../../Engine/Plugins/Animation/ControlRig/Content/Controls/ControlRig_Octagon_solid.ubulk" 452
"../../../Engine/Plugins/Animation/ControlRig/Content/Controls/ControlRig_Octagon_solid.uexp" 453
"../../../Engine/Plugins/Animation/ControlRig/Content/Controls/ControlRig_Octagon_3mm.uasset" 454
"../../../Engine/Plugins/Animation/ControlRig/Content/Controls/ControlRig_Octagon_3mm.ubulk" 455
"../../../Engine/Plugins/Animation/ControlRig/Content/Controls/ControlRig_Octagon_3mm.uexp" 456
"../../../Engine/Plugins/Animation/ControlRig/Content/Controls/ControlRig_Octagon_1mm.uasset" 457
"../../../Engine/Plugins/Animation/ControlRig/Content/Controls/ControlRig_Octagon_1mm.ubulk" 458
"../../../Engine/Plugins/Animation/ControlRig/Content/Controls/ControlRig_Octagon_1mm.uexp" 459
"../../../Engine/Plugins/Animation/ControlRig/Content/Controls/ControlRig_Hexagon_solid.uasset" 460
"../../../Engine/Plugins/Animation/ControlRig/Content/Controls/ControlRig_Hexagon_solid.ubulk" 461
"../../../Engine/Plugins/Animation/ControlRig/Content/Controls/ControlRig_Hexagon_solid.uexp" 462
"../../../Engine/Plugins/Animation/ControlRig/Content/Controls/ControlRig_Hexagon_3mm.uasset" 463
"../../../Engine/Plugins/Animation/ControlRig/Content/Controls/ControlRig_Hexagon_3mm.ubulk" 464
"../../../Engine/Plugins/Animation/ControlRig/Content/Controls/ControlRig_Hexagon_3mm.uexp" 465
"../../../Engine/Plugins/Animation/ControlRig/Content/Controls/ControlRig_Hexagon_1mm.uasset" 466
"../../../Engine/Plugins/Animation/ControlRig/Content/Controls/ControlRig_Hexagon_1mm.ubulk" 467
"../../../Engine/Plugins/Animation/ControlRig/Content/Controls/ControlRig_Hexagon_1mm.uexp" 468
"../../../Engine/Plugins/Animation/ControlRig/Content/Controls/ControlRig_HalfCircle_solid.uasset" 469
"../../../Engine/Plugins/Animation/ControlRig/Content/Controls/ControlRig_HalfCircle_solid.ubulk" 470
"../../../Engine/Plugins/Animation/ControlRig/Content/Controls/ControlRig_HalfCircle_solid.uexp" 471
"../../../Engine/Plugins/Animation/ControlRig/Content/Controls/ControlRig_HalfCircle_3mm.uasset" 472
"../../../Engine/Plugins/Animation/ControlRig/Content/Controls/ControlRig_HalfCircle_3mm.ubulk" 473
"../../../Engine/Plugins/Animation/ControlRig/Content/Controls/ControlRig_HalfCircle_3mm.uexp" 474
"../../../Engine/Plugins/Animation/ControlRig/Content/Controls/ControlRig_HalfCircle_1mm.uasset" 475
"../../../Engine/Plugins/Animation/ControlRig/Content/Controls/ControlRig_HalfCircle_1mm.ubulk" 476
"../../../Engine/Plugins/Animation/ControlRig/Content/Controls/ControlRig_HalfCircle_1mm.uexp" 477
"../../../Engine/Plugins/Animation/ControlRig/Content/Controls/ControlRig_Diamond_solid.uasset" 478
"../../../Engine/Plugins/Animation/ControlRig/Content/Controls/ControlRig_Diamond_solid.ubulk" 479
"../../../Engine/Plugins/Animation/ControlRig/Content/Controls/ControlRig_Diamond_solid.uexp" 480
"../../../Engine/Plugins/Animation/ControlRig/Content/Controls/ControlRig_Diamond_3mm.uasset" 481
"../../../Engine/Plugins/Animation/ControlRig/Content/Controls/ControlRig_Diamond_3mm.ubulk" 482
"../../../Engine/Plugins/Animation/ControlRig/Content/Controls/ControlRig_Diamond_3mm.uexp" 483
"../../../Engine/Plugins/Animation/ControlRig/Content/Controls/ControlRig_Diamond_1mm.uasset" 484
"../../../Engine/Plugins/Animation/ControlRig/Content/Controls/ControlRig_Diamond_1mm.ubulk" 485
"../../../Engine/Plugins/Animation/ControlRig/Content/Controls/ControlRig_Diamond_1mm.uexp" 486
"../../../Engine/Plugins/Animation/ControlRig/Content/Controls/ControlRig_Circle_solid.uasset" 487
"../../../Engine/Plugins/Animation/ControlRig/Content/Controls/ControlRig_Circle_solid.ubulk" 488
"../../../Engine/Plugins/Animation/ControlRig/Content/Controls/ControlRig_Circle_solid.uexp" 489
"../../../Engine/Plugins/Animation/ControlRig/Content/Controls/ControlRig_Circle_3mm.uasset" 490
"../../../Engine/Plugins/Animation/ControlRig/Content/Controls/ControlRig_Circle_3mm.ubulk" 491
"../../../Engine/Plugins/Animation/ControlRig/Content/Controls/ControlRig_Circle_3mm.uexp" 492
"../../../Engine/Plugins/Animation/ControlRig/Content/Controls/ControlRig_Circle_1mm.uasset" 493
"../../../Engine/Plugins/Animation/ControlRig/Content/Controls/ControlRig_Circle_1mm.ubulk" 494
"../../../Engine/Plugins/Animation/ControlRig/Content/Controls/ControlRig_Circle_1mm.uexp" 495
"../../../Engine/Plugins/Animation/ControlRig/Content/Controls/ControlRig_Box_solid.uasset" 496
"../../../Engine/Plugins/Animation/ControlRig/Content/Controls/ControlRig_Box_solid.ubulk" 497
"../../../Engine/Plugins/Animation/ControlRig/Content/Controls/ControlRig_Box_solid.uexp" 498
"../../../Engine/Plugins/Animation/ControlRig/Content/Controls/ControlRig_Box_3mm.uasset" 499
"../../../Engine/Plugins/Animation/ControlRig/Content/Controls/ControlRig_Box_3mm.ubulk" 500
"../../../Engine/Plugins/Animation/ControlRig/Content/Controls/ControlRig_Box_3mm.uexp" 501
"../../../Engine/Plugins/Animation/ControlRig/Content/Controls/ControlRig_Box_1mm.uasset" 502
"../../../Engine/Plugins/Animation/ControlRig/Content/Controls/ControlRig_Box_1mm.ubulk" 503
"../../../Engine/Plugins/Animation/ControlRig/Content/Controls/ControlRig_Box_1mm.uexp" 504
"../../../Engine/Plugins/Animation/ControlRig/Content/Controls/ControlRig_Arrow_solid.uasset" 505
"../../../Engine/Plugins/Animation/ControlRig/Content/Controls/ControlRig_Arrow_solid.ubulk" 506
"../../../Engine/Plugins/Animation/ControlRig/Content/Controls/ControlRig_Arrow_solid.uexp" 507
"../../../Engine/Plugins/Animation/ControlRig/Content/Controls/ControlRig_Arrow_3mm.uasset" 508
"../../../Engine/Plugins/Animation/ControlRig/Content/Controls/ControlRig_Arrow_3mm.ubulk" 509
"../../../Engine/Plugins/Animation/ControlRig/Content/Controls/ControlRig_Arrow_3mm.uexp" 510
"../../../Engine/Plugins/Animation/ControlRig/Content/Controls/ControlRig_Arrow_1mm.uasset" 511
"../../../Engine/Plugins/Animation/ControlRig/Content/Controls/ControlRig_Arrow_1mm.ubulk" 512
"../../../Engine/Plugins/Animation/ControlRig/Content/Controls/ControlRig_Arrow_1mm.uexp" 513
"../../../Engine/Plugins/Animation/ControlRig/Content/Controls/ControlRig_Arrow4_solid.uasset" 514
"../../../Engine/Plugins/Animation/ControlRig/Content/Controls/ControlRig_Arrow4_solid.ubulk" 515
"../../../Engine/Plugins/Animation/ControlRig/Content/Controls/ControlRig_Arrow4_solid.uexp" 516
"../../../Engine/Plugins/Animation/ControlRig/Content/Controls/ControlRig_Arrow4_3mm.uasset" 517
"../../../Engine/Plugins/Animation/ControlRig/Content/Controls/ControlRig_Arrow4_3mm.ubulk" 518
"../../../Engine/Plugins/Animation/ControlRig/Content/Controls/ControlRig_Arrow4_3mm.uexp" 519
"../../../Engine/Plugins/Animation/ControlRig/Content/Controls/ControlRig_Arrow4_1mm.uasset" 520
"../../../Engine/Plugins/Animation/ControlRig/Content/Controls/ControlRig_Arrow4_1mm.ubulk" 521
"../../../Engine/Plugins/Animation/ControlRig/Content/Controls/ControlRig_Arrow4_1mm.uexp" 522
"../../../Engine/Plugins/Animation/ControlRig/Content/Controls/ControlRig_Arrow2_solid.uasset" 523
"../../../Engine/Plugins/Animation/ControlRig/Content/Controls/ControlRig_Arrow2_solid.ubulk" 524
"../../../Engine/Plugins/Animation/ControlRig/Content/Controls/ControlRig_Arrow2_solid.uexp" 525
"../../../Engine/Plugins/Animation/ControlRig/Content/Controls/ControlRig_Arrow2_3mm.uasset" 526
"../../../Engine/Plugins/Animation/ControlRig/Content/Controls/ControlRig_Arrow2_3mm.ubulk" 527
"../../../Engine/Plugins/Animation/ControlRig/Content/Controls/ControlRig_Arrow2_3mm.uexp" 528
"../../../Engine/Plugins/Animation/ControlRig/Content/Controls/ControlRig_Arrow2_1mm.uasset" 529
"../../../Engine/Plugins/Animation/ControlRig/Content/Controls/ControlRig_Arrow2_1mm.ubulk" 530
"../../../Engine/Plugins/Animation/ControlRig/Content/Controls/ControlRig_Arrow2_1mm.uexp" 531
"../../../Engine/Plugins/2D/Paper2D/Content/PlaceholderTextures/DummySpriteTexture.uasset" 532
"../../../Engine/Plugins/2D/Paper2D/Content/PlaceholderTextures/DummySpriteTexture.ubulk" 533
"../../../Engine/Plugins/2D/Paper2D/Content/PlaceholderTextures/DummySpriteTexture.uexp" 534
"../../../Engine/Plugins/2D/Paper2D/Content/DefaultSpriteMaterial.uasset" 535
"../../../Engine/Plugins/2D/Paper2D/Content/DefaultSpriteMaterial.uexp" 536
"../../../Engine/Plugins/2D/Paper2D/Content/OpaqueUnlitSpriteMaterial.uasset" 537
"../../../Engine/Plugins/2D/Paper2D/Content/OpaqueUnlitSpriteMaterial.uexp" 538
"../../../Engine/Plugins/2D/Paper2D/Content/MaskedUnlitSpriteMaterial.uasset" 539
"../../../Engine/Plugins/2D/Paper2D/Content/MaskedUnlitSpriteMaterial.uexp" 540
"../../../Engine/Plugins/2D/Paper2D/Content/DummySprite.uasset" 541
"../../../Engine/Plugins/2D/Paper2D/Content/DummySprite.uexp" 542
"../../../Engine/Plugins/2D/Paper2D/Content/DefaultPaperTerrainMaterial.uasset" 543
"../../../Engine/Plugins/2D/Paper2D/Content/DefaultPaperTerrainMaterial.uexp" 544
"../../../Engine/Plugins/Editor/SpeedTreeImporter/Content/SpeedTree9/game_wind_noise.uasset" 545
"../../../Engine/Plugins/Editor/SpeedTreeImporter/Content/SpeedTree9/game_wind_noise.ubulk" 546
"../../../Engine/Plugins/Editor/SpeedTreeImporter/Content/SpeedTree9/game_wind_noise.uexp" 547
"../../../Engine/Plugins/Editor/SpeedTreeImporter/Content/SpeedTree9/UnpackDirection.uasset" 548
"../../../Engine/Plugins/Editor/SpeedTreeImporter/Content/SpeedTree9/UnpackDirection.uexp" 549
"../../../Engine/Content/Functions/Engine_MaterialFunctions02/ObjectLocalBounds.uasset" 550
"../../../Engine/Content/Functions/Engine_MaterialFunctions02/ObjectLocalBounds.uexp" 551
"../../../Engine/Content/Functions/Engine_MaterialFunctions02/UVs/BoundingBoxBased_0-1_UVW.uasset" 552
"../../../Engine/Content/Functions/Engine_MaterialFunctions02/UVs/BoundingBoxBased_0-1_UVW.uexp" 553
"../../../Engine/Content/Functions/Engine_MaterialFunctions02/Utility/VectorLength.uasset" 554
"../../../Engine/Content/Functions/Engine_MaterialFunctions02/Utility/VectorLength.uexp" 555
"../../../Engine/Plugins/Editor/SpeedTreeImporter/Content/SpeedTree9/UnpackInteger3.uasset" 556
"../../../Engine/Plugins/Editor/SpeedTreeImporter/Content/SpeedTree9/UnpackInteger3.uexp" 557
"../../../Engine/Plugins/Editor/SpeedTreeImporter/Content/SpeedTree9/SpeedTreeCameraFacing.uasset" 558
"../../../Engine/Plugins/Editor/SpeedTreeImporter/Content/SpeedTree9/SpeedTreeCameraFacing.uexp" 559
"../../../Engine/Content/Functions/Engine_MaterialFunctions02/WorldPositionOffset/ObjectScale.uasset" 560
"../../../Engine/Content/Functions/Engine_MaterialFunctions02/WorldPositionOffset/ObjectScale.uexp" 561
"../../../Engine/Content/Functions/Engine_MaterialFunctions02/SafeNormalize.uasset" 562
"../../../Engine/Content/Functions/Engine_MaterialFunctions02/SafeNormalize.uexp" 563
"../../../Engine/Plugins/Editor/SpeedTreeImporter/Content/SpeedTree9/SpeedTreeWindMotion.uasset" 564
"../../../Engine/Plugins/Editor/SpeedTreeImporter/Content/SpeedTree9/SpeedTreeWindMotion.uexp" 565
"../../../Engine/Plugins/Editor/SpeedTreeImporter/Content/SpeedTree9/SpeedTreeBranchMotion.uasset" 566
"../../../Engine/Plugins/Editor/SpeedTreeImporter/Content/SpeedTree9/SpeedTreeBranchMotion.uexp" 567
"../../../Engine/Plugins/Editor/SpeedTreeImporter/Content/SpeedTree9/SpeedTreeWind.uasset" 568
"../../../Engine/Plugins/Editor/SpeedTreeImporter/Content/SpeedTree9/SpeedTreeWind.uexp" 569
"../../../Engine/Plugins/Editor/SpeedTreeImporter/Content/SpeedTree9/EmptyNormal.uasset" 570
"../../../Engine/Plugins/Editor/SpeedTreeImporter/Content/SpeedTree9/EmptyNormal.uexp" 571
"../../../Engine/Plugins/Editor/SpeedTreeImporter/Content/SpeedTree9/Empty.uasset" 572
"../../../Engine/Plugins/Editor/SpeedTreeImporter/Content/SpeedTree9/Empty.uexp" 573
"../../../Engine/Plugins/Editor/SpeedTreeImporter/Content/SpeedTree9/SpeedTreeMaster.uasset" 574
"../../../Engine/Plugins/Editor/SpeedTreeImporter/Content/SpeedTree9/SpeedTreeMaster.uexp" 575
"../../../Engine/Plugins/Editor/SpeedTreeImporter/Content/SpeedTree9/SpeedTreeBillboard.uasset" 576
"../../../Engine/Plugins/Editor/SpeedTreeImporter/Content/SpeedTree9/SpeedTreeBillboard.uexp" 577
"../../../Engine/Plugins/Editor/SpeedTreeImporter/Content/SpeedTree9/SpeedTreeBillboardMaster.uasset" 578
"../../../Engine/Plugins/Editor/SpeedTreeImporter/Content/SpeedTree9/SpeedTreeBillboardMaster.uexp" 579
"../../../Engine/Content/Functions/Engine_MaterialFunctions02/Texturing/CustomRotator.uasset" 580
"../../../Engine/Content/Functions/Engine_MaterialFunctions02/Texturing/CustomRotator.uexp" 581
"../../../Engine/Content/Functions/Engine_MaterialFunctions02/Texturing/ScreenAlignedPixelToPixelUVs.uasset" 582
"../../../Engine/Content/Functions/Engine_MaterialFunctions02/Texturing/ScreenAlignedPixelToPixelUVs.uexp" 583
"../../../Engine/Plugins/Interchange/Runtime/Content/Utilities/T_Bayer64_Grayscale_64px.uasset" 584
"../../../Engine/Plugins/Interchange/Runtime/Content/Utilities/T_Bayer64_Grayscale_64px.uexp" 585
"../../../Engine/Plugins/Interchange/Runtime/Content/gltf/MaterialFunctions/MF_Temporal_Blur.uasset" 586
"../../../Engine/Plugins/Interchange/Runtime/Content/gltf/MaterialFunctions/MF_Temporal_Blur.uexp" 587
"../../../Engine/Plugins/Interchange/Runtime/Content/gltf/MaterialFunctions/MF_Fresnel_DS.uasset" 588
"../../../Engine/Plugins/Interchange/Runtime/Content/gltf/MaterialFunctions/MF_Fresnel_DS.uexp" 589
"../../../Engine/Plugins/Interchange/Runtime/Content/Functions/MX_Transmission.uasset" 590
"../../../Engine/Plugins/Interchange/Runtime/Content/Functions/MX_Transmission.uexp" 591
"../../../Engine/Plugins/Interchange/Runtime/Content/Functions/MF_OrenNayerView.uasset" 592
"../../../Engine/Plugins/Interchange/Runtime/Content/Functions/MF_OrenNayerView.uexp" 593
"../../../Engine/Plugins/Interchange/Runtime/Content/Functions/MF_SchlickApprox.uasset" 594
"../../../Engine/Plugins/Interchange/Runtime/Content/Functions/MF_SchlickApprox.uexp" 595
"../../../Engine/Plugins/Interchange/Runtime/Content/Utilities/New_LUT.uasset" 596
"../../../Engine/Plugins/Interchange/Runtime/Content/Utilities/New_LUT.uexp" 597
"../../../Engine/Content/Functions/Engine_MaterialFunctions03/Math/RemapValueRange.uasset" 598
"../../../Engine/Content/Functions/Engine_MaterialFunctions03/Math/RemapValueRange.uexp" 599
"../../../Engine/Plugins/Interchange/Runtime/Content/Functions/MF_Iridescence.uasset" 600
"../../../Engine/Plugins/Interchange/Runtime/Content/Functions/MF_Iridescence.uexp" 601
"../../../Engine/Plugins/Interchange/Runtime/Content/Functions/MX_StandardSurface.uasset" 602
"../../../Engine/Plugins/Interchange/Runtime/Content/Functions/MX_StandardSurface.uexp" 603
"../../../Engine/Plugins/Interchange/Runtime/Content/Functions/MX_TransmissionSurface.uasset" 604
"../../../Engine/Plugins/Interchange/Runtime/Content/Functions/MX_TransmissionSurface.uexp" 605
"../../../Engine/Content/Functions/Engine_MaterialFunctions02/Math/AddComponents.uasset" 606
"../../../Engine/Content/Functions/Engine_MaterialFunctions02/Math/AddComponents.uexp" 607
"../../../Engine/Content/Functions/Engine_MaterialFunctions02/WorldPositionOffset/V2/ObjectScale.uasset" 608
"../../../Engine/Content/Functions/Engine_MaterialFunctions02/WorldPositionOffset/V2/ObjectScale.uexp" 609
"../../../Engine/Plugins/Interchange/Runtime/Content/gltf/MaterialFunctions/MF_TransmissionOpacity.uasset" 610
"../../../Engine/Plugins/Interchange/Runtime/Content/gltf/MaterialFunctions/MF_TransmissionOpacity.uexp" 611
"../../../Engine/Plugins/Interchange/Runtime/Content/gltf/MaterialFunctions/MF_RotateV2.uasset" 612
"../../../Engine/Plugins/Interchange/Runtime/Content/gltf/MaterialFunctions/MF_RotateV2.uexp" 613
"../../../Engine/Plugins/Interchange/Runtime/Content/gltf/MaterialFunctions/MF_TransformUVs.uasset" 614
"../../../Engine/Plugins/Interchange/Runtime/Content/gltf/MaterialFunctions/MF_TransformUVs.uexp" 615
"../../../Engine/Plugins/Interchange/Runtime/Content/gltf/Textures/T_White_srgb.uasset" 616
"../../../Engine/Plugins/Interchange/Runtime/Content/gltf/Textures/T_White_srgb.uexp" 617
"../../../Engine/Plugins/Interchange/Runtime/Content/gltf/MaterialFunctions/MF_BaseColor.uasset" 618
"../../../Engine/Plugins/Interchange/Runtime/Content/gltf/MaterialFunctions/MF_BaseColor.uexp" 619
"../../../Engine/Plugins/Interchange/Runtime/Content/gltf/MaterialFunctions/MF_DiffuseSpecGloss.uasset" 620
"../../../Engine/Plugins/Interchange/Runtime/Content/gltf/MaterialFunctions/MF_DiffuseSpecGloss.uexp" 621
"../../../Engine/Plugins/Interchange/Runtime/Content/gltf/Textures/T_White_Linear.uasset" 622
"../../../Engine/Plugins/Interchange/Runtime/Content/gltf/Textures/T_White_Linear.uexp" 623
"../../../Engine/Plugins/Interchange/Runtime/Content/gltf/MaterialFunctions/MF_MetallicRoughness.uasset" 624
"../../../Engine/Plugins/Interchange/Runtime/Content/gltf/MaterialFunctions/MF_MetallicRoughness.uexp" 625
"../../../Engine/Plugins/Interchange/Runtime/Content/gltf/MaterialFunctions/MF_Transmission.uasset" 626
"../../../Engine/Plugins/Interchange/Runtime/Content/gltf/MaterialFunctions/MF_Transmission.uexp" 627
"../../../Engine/Plugins/Interchange/Runtime/Content/gltf/MaterialFunctions/MF_Occlusion.uasset" 628
"../../../Engine/Plugins/Interchange/Runtime/Content/gltf/MaterialFunctions/MF_Occlusion.uexp" 629
"../../../Engine/Plugins/Interchange/Runtime/Content/gltf/MaterialFunctions/MF_Specular.uasset" 630
"../../../Engine/Plugins/Interchange/Runtime/Content/gltf/MaterialFunctions/MF_Specular.uexp" 631
"../../../Engine/Plugins/Interchange/Runtime/Content/gltf/MaterialFunctions/MF_IOR.uasset" 632
"../../../Engine/Plugins/Interchange/Runtime/Content/gltf/MaterialFunctions/MF_IOR.uexp" 633
"../../../Engine/Content/Functions/Engine_MaterialFunctions01/Texturing/FlattenNormal.uasset" 634
"../../../Engine/Content/Functions/Engine_MaterialFunctions01/Texturing/FlattenNormal.uexp" 635
"../../../Engine/Content/Functions/Engine_MaterialFunctions02/Math/Transform3x3Matrix.uasset" 636
"../../../Engine/Content/Functions/Engine_MaterialFunctions02/Math/Transform3x3Matrix.uexp" 637
"../../../Engine/Plugins/Interchange/Runtime/Content/gltf/MaterialFunctions/MF_RotateNormals_TS.uasset" 638
"../../../Engine/Plugins/Interchange/Runtime/Content/gltf/MaterialFunctions/MF_RotateNormals_TS.uexp" 639
"../../../Engine/Plugins/Interchange/Runtime/Content/gltf/Textures/T_Generic_N.uasset" 640
"../../../Engine/Plugins/Interchange/Runtime/Content/gltf/Textures/T_Generic_N.uexp" 641
"../../../Engine/Plugins/Interchange/Runtime/Content/gltf/MaterialFunctions/MF_Normals.uasset" 642
"../../../Engine/Plugins/Interchange/Runtime/Content/gltf/MaterialFunctions/MF_Normals.uexp" 643
"../../../Engine/Plugins/Interchange/Runtime/Content/gltf/MaterialFunctions/MF_PerceivedBrightness.uasset" 644
"../../../Engine/Plugins/Interchange/Runtime/Content/gltf/MaterialFunctions/MF_PerceivedBrightness.uexp" 645
"../../../Engine/Plugins/Interchange/Runtime/Content/gltf/MaterialFunctions/MF_SpecGlossToMetalRoughness.uasset" 646
"../../../Engine/Plugins/Interchange/Runtime/Content/gltf/MaterialFunctions/MF_SpecGlossToMetalRoughness.uexp" 647
"../../../Engine/Plugins/Interchange/Runtime/Content/gltf/M_Transmission.uasset" 648
"../../../Engine/Plugins/Interchange/Runtime/Content/gltf/M_Transmission.uexp" 649
"../../../Engine/Plugins/Interchange/Runtime/Content/gltf/MaterialInstances_MR/MI_Transmission_TS.uasset" 650
"../../../Engine/Plugins/Interchange/Runtime/Content/gltf/MaterialInstances_MR/MI_Transmission_TS.uexp" 651
"../../../Engine/Plugins/Interchange/Runtime/Content/gltf/MaterialInstances_MR/MI_Transmission.uasset" 652
"../../../Engine/Plugins/Interchange/Runtime/Content/gltf/MaterialInstances_MR/MI_Transmission.uexp" 653
"../../../Engine/Plugins/Interchange/Runtime/Content/gltf/MaterialFunctions/MF_Clearcoat.uasset" 654
"../../../Engine/Plugins/Interchange/Runtime/Content/gltf/MaterialFunctions/MF_Clearcoat.uexp" 655
"../../../Engine/Plugins/Interchange/Runtime/Content/gltf/MaterialFunctions/MF_Emissive.uasset" 656
"../../../Engine/Plugins/Interchange/Runtime/Content/gltf/MaterialFunctions/MF_Emissive.uexp" 657
"../../../Engine/Plugins/Interchange/Runtime/Content/gltf/M_Translucent.uasset" 658
"../../../Engine/Plugins/Interchange/Runtime/Content/gltf/M_Translucent.uexp" 659
"../../../Engine/Plugins/Interchange/Runtime/Content/gltf/MaterialInstances_MR/MI_Translucent_TS.uasset" 660
"../../../Engine/Plugins/Interchange/Runtime/Content/gltf/MaterialInstances_MR/MI_Translucent_TS.uexp" 661
"../../../Engine/Plugins/Interchange/Runtime/Content/gltf/MaterialInstances_MR/MI_Translucent_ClearCoat_TS.uasset" 662
"../../../Engine/Plugins/Interchange/Runtime/Content/gltf/MaterialInstances_MR/MI_Translucent_ClearCoat_TS.uexp" 663
"../../../Engine/Plugins/Interchange/Runtime/Content/gltf/MaterialInstances_MR/MI_Translucent_ClearCoat.uasset" 664
"../../../Engine/Plugins/Interchange/Runtime/Content/gltf/MaterialInstances_MR/MI_Translucent_ClearCoat.uexp" 665
"../../../Engine/Plugins/Interchange/Runtime/Content/gltf/MaterialInstances_MR/MI_Translucent.uasset" 666
"../../../Engine/Plugins/Interchange/Runtime/Content/gltf/MaterialInstances_MR/MI_Translucent.uexp" 667
"../../../Engine/Plugins/Interchange/Runtime/Content/gltf/M_Unlit.uasset" 668
"../../../Engine/Plugins/Interchange/Runtime/Content/gltf/M_Unlit.uexp" 669
"../../../Engine/Plugins/Interchange/Runtime/Content/gltf/MaterialInstances_MR/MI_Opaque_Unlit_TS.uasset" 670
"../../../Engine/Plugins/Interchange/Runtime/Content/gltf/MaterialInstances_MR/MI_Opaque_Unlit_TS.uexp" 671
"../../../Engine/Plugins/Interchange/Runtime/Content/gltf/MaterialInstances_MR/MI_Opaque_Unlit.uasset" 672
"../../../Engine/Plugins/Interchange/Runtime/Content/gltf/MaterialInstances_MR/MI_Opaque_Unlit.uexp" 673
"../../../Engine/Plugins/Interchange/Runtime/Content/gltf/M_Opaque.uasset" 674
"../../../Engine/Plugins/Interchange/Runtime/Content/gltf/M_Opaque.uexp" 675
"../../../Engine/Plugins/Interchange/Runtime/Content/gltf/MaterialInstances_MR/MI_Opaque_TS.uasset" 676
"../../../Engine/Plugins/Interchange/Runtime/Content/gltf/MaterialInstances_MR/MI_Opaque_TS.uexp" 677
"../../../Engine/Plugins/Interchange/Runtime/Content/gltf/MaterialFunctions/MF_Sheen.uasset" 678
"../../../Engine/Plugins/Interchange/Runtime/Content/gltf/MaterialFunctions/MF_Sheen.uexp" 679
"../../../Engine/Content/Functions/Engine_MaterialFunctions01/Shading/FuzzyShading.uasset" 680
"../../../Engine/Content/Functions/Engine_MaterialFunctions01/Shading/FuzzyShading.uexp" 681
"../../../Engine/Plugins/Interchange/Runtime/Content/gltf/M_Sheen.uasset" 682
"../../../Engine/Plugins/Interchange/Runtime/Content/gltf/M_Sheen.uexp" 683
"../../../Engine/Plugins/Interchange/Runtime/Content/gltf/MaterialInstances_MR/MI_Opaque_Sheen_TS.uasset" 684
"../../../Engine/Plugins/Interchange/Runtime/Content/gltf/MaterialInstances_MR/MI_Opaque_Sheen_TS.uexp" 685
"../../../Engine/Plugins/Interchange/Runtime/Content/gltf/MaterialInstances_MR/MI_Opaque_Sheen.uasset" 686
"../../../Engine/Plugins/Interchange/Runtime/Content/gltf/MaterialInstances_MR/MI_Opaque_Sheen.uexp" 687
"../../../Engine/Plugins/Interchange/Runtime/Content/gltf/MaterialInstances_MR/MI_Opaque_ClearCoat_TS.uasset" 688
"../../../Engine/Plugins/Interchange/Runtime/Content/gltf/MaterialInstances_MR/MI_Opaque_ClearCoat_TS.uexp" 689
"../../../Engine/Plugins/Interchange/Runtime/Content/gltf/MaterialInstances_MR/MI_Opaque_ClearCoat.uasset" 690
"../../../Engine/Plugins/Interchange/Runtime/Content/gltf/MaterialInstances_MR/MI_Opaque_ClearCoat.uexp" 691
"../../../Engine/Plugins/Interchange/Runtime/Content/gltf/MaterialInstances_MR/MI_Opaque.uasset" 692
"../../../Engine/Plugins/Interchange/Runtime/Content/gltf/MaterialInstances_MR/MI_Opaque.uexp" 693
"../../../Engine/Plugins/Interchange/Runtime/Content/gltf/MaterialInstances_SG/MI_Transmission_TS.uasset" 694
"../../../Engine/Plugins/Interchange/Runtime/Content/gltf/MaterialInstances_SG/MI_Transmission_TS.uexp" 695
"../../../Engine/Plugins/Interchange/Runtime/Content/gltf/MaterialInstances_SG/MI_Transmission.uasset" 696
"../../../Engine/Plugins/Interchange/Runtime/Content/gltf/MaterialInstances_SG/MI_Transmission.uexp" 697
"../../../Engine/Plugins/Interchange/Runtime/Content/gltf/MaterialInstances_SG/MI_Translucent_TS.uasset" 698
"../../../Engine/Plugins/Interchange/Runtime/Content/gltf/MaterialInstances_SG/MI_Translucent_TS.uexp" 699
"../../../Engine/Plugins/Interchange/Runtime/Content/gltf/MaterialInstances_SG/MI_Translucent_ClearCoat_TS.uasset" 700
"../../../Engine/Plugins/Interchange/Runtime/Content/gltf/MaterialInstances_SG/MI_Translucent_ClearCoat_TS.uexp" 701
"../../../Engine/Plugins/Interchange/Runtime/Content/gltf/MaterialInstances_SG/MI_Translucent_ClearCoat.uasset" 702
"../../../Engine/Plugins/Interchange/Runtime/Content/gltf/MaterialInstances_SG/MI_Translucent_ClearCoat.uexp" 703
"../../../Engine/Plugins/Interchange/Runtime/Content/gltf/MaterialInstances_SG/MI_Translucent.uasset" 704
"../../../Engine/Plugins/Interchange/Runtime/Content/gltf/MaterialInstances_SG/MI_Translucent.uexp" 705
"../../../Engine/Plugins/Interchange/Runtime/Content/gltf/MaterialInstances_SG/MI_Opaque_TS.uasset" 706
"../../../Engine/Plugins/Interchange/Runtime/Content/gltf/MaterialInstances_SG/MI_Opaque_TS.uexp" 707
"../../../Engine/Plugins/Interchange/Runtime/Content/gltf/MaterialInstances_SG/MI_Opaque_Sheen_TS.uasset" 708
"../../../Engine/Plugins/Interchange/Runtime/Content/gltf/MaterialInstances_SG/MI_Opaque_Sheen_TS.uexp" 709
"../../../Engine/Plugins/Interchange/Runtime/Content/gltf/MaterialInstances_SG/MI_Opaque_Sheen.uasset" 710
"../../../Engine/Plugins/Interchange/Runtime/Content/gltf/MaterialInstances_SG/MI_Opaque_Sheen.uexp" 711
"../../../Engine/Plugins/Interchange/Runtime/Content/gltf/MaterialInstances_SG/MI_Opaque_ClearCoat_TS.uasset" 712
"../../../Engine/Plugins/Interchange/Runtime/Content/gltf/MaterialInstances_SG/MI_Opaque_ClearCoat_TS.uexp" 713
"../../../Engine/Plugins/Interchange/Runtime/Content/gltf/MaterialInstances_SG/MI_Opaque_ClearCoat.uasset" 714
"../../../Engine/Plugins/Interchange/Runtime/Content/gltf/MaterialInstances_SG/MI_Opaque_ClearCoat.uexp" 715
"../../../Engine/Plugins/Interchange/Runtime/Content/gltf/MaterialInstances_SG/MI_Opaque.uasset" 716
"../../../Engine/Plugins/Interchange/Runtime/Content/gltf/MaterialInstances_SG/MI_Opaque.uexp" 717
"../../../Engine/Plugins/Interchange/Runtime/Content/gltf/Textures/T_Gray_Linear.uasset" 718
"../../../Engine/Plugins/Interchange/Runtime/Content/gltf/Textures/T_Gray_Linear.uexp" 719
"../../../Engine/Plugins/Interchange/Runtime/Content/gltf/Textures/T_Black_srgb.uasset" 720
"../../../Engine/Plugins/Interchange/Runtime/Content/gltf/Textures/T_Black_srgb.uexp" 721
"../../../Engine/Plugins/Interchange/Runtime/Content/Materials/UnlitMaterial.uasset" 722
"../../../Engine/Plugins/Interchange/Runtime/Content/Materials/UnlitMaterial.uexp" 723
"../../../Engine/Content/EngineMaterials/DefaultNormal.uasset" 724
"../../../Engine/Content/EngineMaterials/DefaultNormal.ubulk" 725
"../../../Engine/Content/EngineMaterials/DefaultNormal.uexp" 726
"../../../Engine/Plugins/Interchange/Runtime/Content/Materials/MapOrScalarFunction.uasset" 727
"../../../Engine/Plugins/Interchange/Runtime/Content/Materials/MapOrScalarFunction.uexp" 728
"../../../Engine/Plugins/Interchange/Runtime/Content/Materials/MapOrLinearColorFunction.uasset" 729
"../../../Engine/Plugins/Interchange/Runtime/Content/Materials/MapOrLinearColorFunction.uexp" 730
"../../../Engine/Plugins/Interchange/Runtime/Content/Materials/MapOrColorFunction.uasset" 731
"../../../Engine/Plugins/Interchange/Runtime/Content/Materials/MapOrColorFunction.uexp" 732
"../../../Engine/Plugins/Interchange/Runtime/Content/Materials/CommonMaterial.uasset" 733
"../../../Engine/Plugins/Interchange/Runtime/Content/Materials/CommonMaterial.uexp" 734
"../../../Engine/Plugins/Interchange/Runtime/Content/Materials/PBRSurfaceFunction.uasset" 735
"../../../Engine/Plugins/Interchange/Runtime/Content/Materials/PBRSurfaceFunction.uexp" 736
"../../../Engine/Plugins/Interchange/Runtime/Content/Materials/ThinTranslucentMaterial.uasset" 737
"../../../Engine/Plugins/Interchange/Runtime/Content/Materials/ThinTranslucentMaterial.uexp" 738
"../../../Engine/Plugins/Interchange/Runtime/Content/Materials/SubsurfaceMaterial.uasset" 739
"../../../Engine/Plugins/Interchange/Runtime/Content/Materials/SubsurfaceMaterial.uexp" 740
"../../../Engine/Plugins/Interchange/Runtime/Content/Materials/SheenMaterial.uasset" 741
"../../../Engine/Plugins/Interchange/Runtime/Content/Materials/SheenMaterial.uexp" 742
"../../../Engine/Content/Functions/Engine_MaterialFunctions01/Shading/ConvertFromDiffSpec.uasset" 743
"../../../Engine/Content/Functions/Engine_MaterialFunctions01/Shading/ConvertFromDiffSpec.uexp" 744
"../../../Engine/Plugins/Interchange/Runtime/Content/Materials/PhongSurfaceMaterial.uasset" 745
"../../../Engine/Plugins/Interchange/Runtime/Content/Materials/PhongSurfaceMaterial.uexp" 746
"../../../Engine/Plugins/Interchange/Runtime/Content/Materials/PBRSurfaceMaterial.uasset" 747
"../../../Engine/Plugins/Interchange/Runtime/Content/Materials/PBRSurfaceMaterial.uexp" 748
"../../../Engine/Content/EngineMaterials/FlatNormal.uasset" 749
"../../../Engine/Content/EngineMaterials/FlatNormal.uexp" 750
"../../../Engine/Content/EditorLandscapeResources/WhiteSquareTexture.uasset" 751
"../../../Engine/Content/EditorLandscapeResources/WhiteSquareTexture.uexp" 752
"../../../Engine/Plugins/Interchange/Runtime/Content/Materials/OrenNayerMaterial.uasset" 753
"../../../Engine/Plugins/Interchange/Runtime/Content/Materials/OrenNayerMaterial.uexp" 754
"../../../Engine/Plugins/Interchange/Runtime/Content/Materials/LambertSurfaceMaterial.uasset" 755
"../../../Engine/Plugins/Interchange/Runtime/Content/Materials/LambertSurfaceMaterial.uexp" 756
"../../../Engine/Plugins/Interchange/Runtime/Content/Materials/ClearCoatMaterial.uasset" 757
"../../../Engine/Plugins/Interchange/Runtime/Content/Materials/ClearCoatMaterial.uexp" 758
"../../../Engine/Plugins/Interchange/Runtime/Content/Pipelines/DefaultTexturePipeline.uasset" 759
"../../../Engine/Plugins/Interchange/Runtime/Content/Pipelines/DefaultTexturePipeline.uexp" 760
"../../../Engine/Plugins/Interchange/Runtime/Content/Pipelines/DefaultSceneLevelPipeline.uasset" 761
"../../../Engine/Plugins/Interchange/Runtime/Content/Pipelines/DefaultSceneLevelPipeline.uexp" 762
"../../../Engine/Plugins/Interchange/Runtime/Content/Pipelines/DefaultSceneAssetsPipeline.uasset" 763
"../../../Engine/Plugins/Interchange/Runtime/Content/Pipelines/DefaultSceneAssetsPipeline.uexp" 764
"../../../Engine/Plugins/Interchange/Runtime/Content/Pipelines/DefaultMaterialPipeline.uasset" 765
"../../../Engine/Plugins/Interchange/Runtime/Content/Pipelines/DefaultMaterialPipeline.uexp" 766
"../../../Engine/Plugins/Interchange/Runtime/Content/Pipelines/DefaultAssetsPipeline.uasset" 767
"../../../Engine/Plugins/Interchange/Runtime/Content/Pipelines/DefaultAssetsPipeline.uexp" 768
"../../../Engine/Content/BasicShapes/Cube.uasset" 769
"../../../Engine/Content/BasicShapes/Cube.ubulk" 770
"../../../Engine/Content/BasicShapes/Cube.uexp" 771
"../../../Engine/Content/EngineMaterials/BlendFunc_DefBlend.uasset" 772
"../../../Engine/Content/EngineMaterials/BlendFunc_DefBlend.uexp" 773
"../../../Engine/Content/EngineMaterials/BlendFunc_DefBase.uasset" 774
"../../../Engine/Content/EngineMaterials/BlendFunc_DefBase.uexp" 775
"../../../Engine/Content/Functions/Engine_MaterialFunctions03/Blends/Blend_Overlay.uasset" 776
"../../../Engine/Content/Functions/Engine_MaterialFunctions03/Blends/Blend_Overlay.uexp" 777
"../../../Engine/Content/OpenWorldTemplate/LandscapeMaterial/T_GridChecker_A.uasset" 778
"../../../Engine/Content/OpenWorldTemplate/LandscapeMaterial/T_GridChecker_A.ubulk" 779
"../../../Engine/Content/OpenWorldTemplate/LandscapeMaterial/T_GridChecker_A.uexp" 780
"../../../Engine/Content/OpenWorldTemplate/LandscapeMaterial/MF_ProcGrid.uasset" 781
"../../../Engine/Content/OpenWorldTemplate/LandscapeMaterial/MF_ProcGrid.uexp" 782
"../../../Engine/Content/OpenWorldTemplate/LandscapeMaterial/M_ProcGrid.uasset" 783
"../../../Engine/Content/OpenWorldTemplate/LandscapeMaterial/M_ProcGrid.uexp" 784
"../../../Engine/Content/OpenWorldTemplate/LandscapeMaterial/MI_ProcGrid.uasset" 785
"../../../Engine/Content/OpenWorldTemplate/LandscapeMaterial/MI_ProcGrid.uexp" 786
"../../../Engine/Content/EngineSky/C_Sky_Horizon_Color.uasset" 787
"../../../Engine/Content/EngineSky/C_Sky_Horizon_Color.uexp" 788
"../../../Engine/Content/EngineSky/T_Sky_Stars.uasset" 789
"../../../Engine/Content/EngineSky/T_Sky_Stars.ubulk" 790
"../../../Engine/Content/EngineSky/T_Sky_Stars.uexp" 791
"../../../Engine/Content/EngineSky/T_Sky_Clouds_M.uasset" 792
"../../../Engine/Content/EngineSky/T_Sky_Clouds_M.ubulk" 793
"../../../Engine/Content/EngineSky/T_Sky_Clouds_M.uexp" 794
"../../../Engine/Content/EngineSky/T_Sky_Blue.uasset" 795
"../../../Engine/Content/EngineSky/T_Sky_Blue.ubulk" 796
"../../../Engine/Content/EngineSky/T_Sky_Blue.uexp" 797
"../../../Engine/Content/EngineSky/M_Sky_Panning_Clouds2.uasset" 798
"../../../Engine/Content/EngineSky/M_Sky_Panning_Clouds2.uexp" 799
"../../../Engine/Content/EngineSky/SM_SkySphere.uasset" 800
"../../../Engine/Content/EngineSky/SM_SkySphere.ubulk" 801
"../../../Engine/Content/EngineSky/SM_SkySphere.uexp" 802
"../../../Engine/Content/EngineSky/C_Sky_Cloud_Color.uasset" 803
"../../../Engine/Content/EngineSky/C_Sky_Cloud_Color.uexp" 804
"../../../Engine/Content/EngineSky/C_Sky_Zenith_Color.uasset" 805
"../../../Engine/Content/EngineSky/C_Sky_Zenith_Color.uexp" 806
"../../../Engine/Content/EditorBlueprintResources/StandardMacros.uasset" 807
"../../../Engine/Content/EditorBlueprintResources/StandardMacros.uexp" 808
"../../../Engine/Content/EngineSky/BP_Sky_Sphere.uasset" 809
"../../../Engine/Content/EngineSky/BP_Sky_Sphere.uexp" 810
"../../../Engine/Plugins/Developer/AnimationSharing/Content/AnimSharingBase.uasset" 811
"../../../Engine/Plugins/Developer/AnimationSharing/Content/AnimSharingBase.uexp" 812
"../../../Engine/Plugins/Developer/AnimationSharing/Content/AnimSharingBlue.uasset" 813
"../../../Engine/Plugins/Developer/AnimationSharing/Content/AnimSharingBlue.uexp" 814
"/Volumes/School 2022/RAVE/UE5_Dynamic_Synth/UE5_DynamicSynth/Content/Synths/VariSpeed/TSP_NOISIA_172_break_loop_broken_style_levendig.uasset" 815
"/Volumes/School 2022/RAVE/UE5_Dynamic_Synth/UE5_DynamicSynth/Content/Synths/VariSpeed/TSP_NOISIA_172_break_loop_broken_style_levendig.ubulk" 816
"/Volumes/School 2022/RAVE/UE5_Dynamic_Synth/UE5_DynamicSynth/Content/Synths/VariSpeed/TSP_NOISIA_172_break_loop_broken_style_levendig.uexp" 817
"/Volumes/School 2022/RAVE/UE5_Dynamic_Synth/UE5_DynamicSynth/Content/Synths/VariSpeed/VariSpeedSampler.uasset" 818
"/Volumes/School 2022/RAVE/UE5_Dynamic_Synth/UE5_DynamicSynth/Content/Synths/VariSpeed/VariSpeedSampler.uexp" 819
"../../../Engine/Content/MapTemplates/SM_Template_Map_Floor.uasset" 820
"../../../Engine/Content/MapTemplates/SM_Template_Map_Floor.ubulk" 821
"../../../Engine/Content/MapTemplates/SM_Template_Map_Floor.uexp" 822
"../../../Engine/Content/EngineMaterials/PhysMat_Vehicle.uasset" 823
"../../../Engine/Content/EngineMaterials/PhysMat_Vehicle.uexp" 824
"../../../Engine/Content/BasicShapes/BasicShapeMaterial.uasset" 825
"../../../Engine/Content/BasicShapes/BasicShapeMaterial.uexp" 826
"/Volumes/School 2022/RAVE/UE5_Dynamic_Synth/UE5_DynamicSynth/Content/Levels/DynamicSpeedRamp.umap" 827
"/Volumes/School 2022/RAVE/UE5_Dynamic_Synth/UE5_DynamicSynth/Content/Levels/DynamicSpeedRamp.uexp" 828
"/Volumes/School 2022/RAVE/UE5_Dynamic_Synth/UE5_DynamicSynth/Content/Synths/SubPatches/Sequencers/Sequencer.uasset" 829
"/Volumes/School 2022/RAVE/UE5_Dynamic_Synth/UE5_DynamicSynth/Content/Synths/SubPatches/Sequencers/Sequencer.uexp" 830
"/Volumes/School 2022/RAVE/UE5_Dynamic_Synth/UE5_DynamicSynth/Content/Synths/SubPatches/Operators/FMOperator.uasset" 831
"/Volumes/School 2022/RAVE/UE5_Dynamic_Synth/UE5_DynamicSynth/Content/Synths/SubPatches/Operators/FMOperator.uexp" 832
"/Volumes/School 2022/RAVE/UE5_Dynamic_Synth/UE5_DynamicSynth/Content/Synths/SynthPresets/SynthBassPreset.uasset" 833
"/Volumes/School 2022/RAVE/UE5_Dynamic_Synth/UE5_DynamicSynth/Content/Synths/SynthPresets/SynthBassPreset.uexp" 834
"/Volumes/School 2022/RAVE/UE5_Dynamic_Synth/UE5_DynamicSynth/Content/Synths/SubPatches/Operators/KickOperator.uasset" 835
"/Volumes/School 2022/RAVE/UE5_Dynamic_Synth/UE5_DynamicSynth/Content/Synths/SubPatches/Operators/KickOperator.uexp" 836
"/Volumes/School 2022/RAVE/UE5_Dynamic_Synth/UE5_DynamicSynth/Content/Synths/SynthPresets/SynthKickPreset.uasset" 837
"/Volumes/School 2022/RAVE/UE5_Dynamic_Synth/UE5_DynamicSynth/Content/Synths/SynthPresets/SynthKickPreset.uexp" 838
"../../../Engine/Content/Maps/Templates/HLODs/HLODLayer_Instanced.uasset" 839
"../../../Engine/Content/Maps/Templates/HLODs/HLODLayer_Instanced.uexp" 840
"/Volumes/School 2022/RAVE/UE5_Dynamic_Synth/UE5_DynamicSynth/Content/Synths/SubPatches/Operators/HHOperator.uasset" 841
"/Volumes/School 2022/RAVE/UE5_Dynamic_Synth/UE5_DynamicSynth/Content/Synths/SubPatches/Operators/HHOperator.uexp" 842
"/Volumes/School 2022/RAVE/UE5_Dynamic_Synth/UE5_DynamicSynth/Content/Synths/SynthPresets/HHPreset.uasset" 843
"/Volumes/School 2022/RAVE/UE5_Dynamic_Synth/UE5_DynamicSynth/Content/Synths/SynthPresets/HHPreset.uexp" 844
"/Volumes/School 2022/RAVE/UE5_Dynamic_Synth/UE5_DynamicSynth/Content/Characters/Mannequins/Meshes/SK_Mannequin.uasset" 845
"/Volumes/School 2022/RAVE/UE5_Dynamic_Synth/UE5_DynamicSynth/Content/Characters/Mannequins/Meshes/SK_Mannequin.uexp" 846
"/Volumes/School 2022/RAVE/UE5_Dynamic_Synth/UE5_DynamicSynth/Content/Characters/Mannequins/Textures/Quinn/T_Quinn_02ID_MSR_MSK.uasset" 847
"/Volumes/School 2022/RAVE/UE5_Dynamic_Synth/UE5_DynamicSynth/Content/Characters/Mannequins/Textures/Quinn/T_Quinn_02ID_MSR_MSK.ubulk" 848
"/Volumes/School 2022/RAVE/UE5_Dynamic_Synth/UE5_DynamicSynth/Content/Characters/Mannequins/Textures/Quinn/T_Quinn_02ID_MSR_MSK.uexp" 849
"/Volumes/School 2022/RAVE/UE5_Dynamic_Synth/UE5_DynamicSynth/Content/Characters/Mannequins/Textures/Quinn/T_Quinn_02ID_BN.uasset" 850
"/Volumes/School 2022/RAVE/UE5_Dynamic_Synth/UE5_DynamicSynth/Content/Characters/Mannequins/Textures/Quinn/T_Quinn_02ID_BN.ubulk" 851
"/Volumes/School 2022/RAVE/UE5_Dynamic_Synth/UE5_DynamicSynth/Content/Characters/Mannequins/Textures/Quinn/T_Quinn_02ID_BN.uexp" 852
"/Volumes/School 2022/RAVE/UE5_Dynamic_Synth/UE5_DynamicSynth/Content/Characters/Mannequins/Textures/Quinn/T_Quinn_02_ASAOMASK_MSK.uasset" 853
"/Volumes/School 2022/RAVE/UE5_Dynamic_Synth/UE5_DynamicSynth/Content/Characters/Mannequins/Textures/Quinn/T_Quinn_02_ASAOMASK_MSK.ubulk" 854
"/Volumes/School 2022/RAVE/UE5_Dynamic_Synth/UE5_DynamicSynth/Content/Characters/Mannequins/Textures/Quinn/T_Quinn_02_ASAOMASK_MSK.uexp" 855
"/Volumes/School 2022/RAVE/UE5_Dynamic_Synth/UE5_DynamicSynth/Content/Characters/Mannequins/Textures/Quinn/T_Quinn_02_CCRCCPlastic_MSK.uasset" 856
"/Volumes/School 2022/RAVE/UE5_Dynamic_Synth/UE5_DynamicSynth/Content/Characters/Mannequins/Textures/Quinn/T_Quinn_02_CCRCCPlastic_MSK.ubulk" 857
"/Volumes/School 2022/RAVE/UE5_Dynamic_Synth/UE5_DynamicSynth/Content/Characters/Mannequins/Textures/Quinn/T_Quinn_02_CCRCCPlastic_MSK.uexp" 858
"/Volumes/School 2022/RAVE/UE5_Dynamic_Synth/UE5_DynamicSynth/Content/Characters/Mannequins/Textures/Quinn/T_Quinn_02ID_Tan.uasset" 859
"/Volumes/School 2022/RAVE/UE5_Dynamic_Synth/UE5_DynamicSynth/Content/Characters/Mannequins/Textures/Quinn/T_Quinn_02ID_Tan.ubulk" 860
"/Volumes/School 2022/RAVE/UE5_Dynamic_Synth/UE5_DynamicSynth/Content/Characters/Mannequins/Textures/Quinn/T_Quinn_02ID_Tan.uexp" 861
"/Volumes/School 2022/RAVE/UE5_Dynamic_Synth/UE5_DynamicSynth/Content/Characters/Mannequins/Textures/Quinn/T_Quinn_02ID_D.uasset" 862
"/Volumes/School 2022/RAVE/UE5_Dynamic_Synth/UE5_DynamicSynth/Content/Characters/Mannequins/Textures/Quinn/T_Quinn_02ID_D.ubulk" 863
"/Volumes/School 2022/RAVE/UE5_Dynamic_Synth/UE5_DynamicSynth/Content/Characters/Mannequins/Textures/Quinn/T_Quinn_02ID_D.uexp" 864
"/Volumes/School 2022/RAVE/UE5_Dynamic_Synth/UE5_DynamicSynth/Content/Characters/Mannequins/Textures/Quinn/T_Quinn_01ID_MSR_MSK.uasset" 865
"/Volumes/School 2022/RAVE/UE5_Dynamic_Synth/UE5_DynamicSynth/Content/Characters/Mannequins/Textures/Quinn/T_Quinn_01ID_MSR_MSK.ubulk" 866
"/Volumes/School 2022/RAVE/UE5_Dynamic_Synth/UE5_DynamicSynth/Content/Characters/Mannequins/Textures/Quinn/T_Quinn_01ID_MSR_MSK.uexp" 867
"/Volumes/School 2022/RAVE/UE5_Dynamic_Synth/UE5_DynamicSynth/Content/Characters/Mannequins/Materials/Functions/ChromaticCurve.uasset" 868
"/Volumes/School 2022/RAVE/UE5_Dynamic_Synth/UE5_DynamicSynth/Content/Characters/Mannequins/Materials/Functions/ChromaticCurve.uexp" 869
"/Volumes/School 2022/RAVE/UE5_Dynamic_Synth/UE5_DynamicSynth/Content/Characters/Mannequins/Materials/Functions/CA_Mannequin.uasset" 870
"/Volumes/School 2022/RAVE/UE5_Dynamic_Synth/UE5_DynamicSynth/Content/Characters/Mannequins/Materials/Functions/CA_Mannequin.uexp" 871
"/Volumes/School 2022/RAVE/UE5_Dynamic_Synth/UE5_DynamicSynth/Content/Characters/Mannequins/Materials/Functions/MF_Diffraction.uasset" 872
"/Volumes/School 2022/RAVE/UE5_Dynamic_Synth/UE5_DynamicSynth/Content/Characters/Mannequins/Materials/Functions/MF_Diffraction.uexp" 873
"/Volumes/School 2022/RAVE/UE5_Dynamic_Synth/UE5_DynamicSynth/Content/Characters/Mannequins/Textures/Manny/T_Manny_01_N.uasset" 874
"/Volumes/School 2022/RAVE/UE5_Dynamic_Synth/UE5_DynamicSynth/Content/Characters/Mannequins/Textures/Manny/T_Manny_01_N.ubulk" 875
"/Volumes/School 2022/RAVE/UE5_Dynamic_Synth/UE5_DynamicSynth/Content/Characters/Mannequins/Textures/Manny/T_Manny_01_N.uexp" 876
"/Volumes/School 2022/RAVE/UE5_Dynamic_Synth/UE5_DynamicSynth/Content/Characters/Mannequins/Materials/Functions/ML_BaseColorFallOff.uasset" 877
"/Volumes/School 2022/RAVE/UE5_Dynamic_Synth/UE5_DynamicSynth/Content/Characters/Mannequins/Materials/Functions/ML_BaseColorFallOff.uexp" 878
"../../../Engine/Content/Functions/Engine_MaterialFunctions01/Texturing/ScaleUVsByCenter.uasset" 879
"../../../Engine/Content/Functions/Engine_MaterialFunctions01/Texturing/ScaleUVsByCenter.uexp" 880
"/Volumes/School 2022/RAVE/UE5_Dynamic_Synth/UE5_DynamicSynth/Content/Characters/Mannequins/Textures/Shared/T_UE_Logo_M.uasset" 881
"/Volumes/School 2022/RAVE/UE5_Dynamic_Synth/UE5_DynamicSynth/Content/Characters/Mannequins/Textures/Shared/T_UE_Logo_M.uexp" 882
"/Volumes/School 2022/RAVE/UE5_Dynamic_Synth/UE5_DynamicSynth/Content/Characters/Mannequins/Materials/Functions/MF_logo3layers.uasset" 883
"/Volumes/School 2022/RAVE/UE5_Dynamic_Synth/UE5_DynamicSynth/Content/Characters/Mannequins/Materials/Functions/MF_logo3layers.uexp" 884
"/Volumes/School 2022/RAVE/UE5_Dynamic_Synth/UE5_DynamicSynth/Content/Characters/Mannequins/Textures/Manny/T_Manny_01_CCRCCPlastic_MSK.uasset" 885
"/Volumes/School 2022/RAVE/UE5_Dynamic_Synth/UE5_DynamicSynth/Content/Characters/Mannequins/Textures/Manny/T_Manny_01_CCRCCPlastic_MSK.ubulk" 886
"/Volumes/School 2022/RAVE/UE5_Dynamic_Synth/UE5_DynamicSynth/Content/Characters/Mannequins/Textures/Manny/T_Manny_01_CCRCCPlastic_MSK.uexp" 887
"/Volumes/School 2022/RAVE/UE5_Dynamic_Synth/UE5_DynamicSynth/Content/Characters/Mannequins/Textures/Manny/T_Manny_01_ASAOPMASK_MSK.uasset" 888
"/Volumes/School 2022/RAVE/UE5_Dynamic_Synth/UE5_DynamicSynth/Content/Characters/Mannequins/Textures/Manny/T_Manny_01_ASAOPMASK_MSK.ubulk" 889
"/Volumes/School 2022/RAVE/UE5_Dynamic_Synth/UE5_DynamicSynth/Content/Characters/Mannequins/Textures/Manny/T_Manny_01_ASAOPMASK_MSK.uexp" 890
"/Volumes/School 2022/RAVE/UE5_Dynamic_Synth/UE5_DynamicSynth/Content/Characters/Mannequins/Textures/Manny/T_Manny_01_MSR_MSK.uasset" 891
"/Volumes/School 2022/RAVE/UE5_Dynamic_Synth/UE5_DynamicSynth/Content/Characters/Mannequins/Textures/Manny/T_Manny_01_MSR_MSK.ubulk" 892
"/Volumes/School 2022/RAVE/UE5_Dynamic_Synth/UE5_DynamicSynth/Content/Characters/Mannequins/Textures/Manny/T_Manny_01_MSR_MSK.uexp" 893
"/Volumes/School 2022/RAVE/UE5_Dynamic_Synth/UE5_DynamicSynth/Content/Characters/Mannequins/Textures/Manny/T_Manny_01_BN.uasset" 894
"/Volumes/School 2022/RAVE/UE5_Dynamic_Synth/UE5_DynamicSynth/Content/Characters/Mannequins/Textures/Manny/T_Manny_01_BN.ubulk" 895
"/Volumes/School 2022/RAVE/UE5_Dynamic_Synth/UE5_DynamicSynth/Content/Characters/Mannequins/Textures/Manny/T_Manny_01_BN.uexp" 896
"/Volumes/School 2022/RAVE/UE5_Dynamic_Synth/UE5_DynamicSynth/Content/Characters/Mannequins/Textures/Manny/T_Manny_01_D.uasset" 897
"/Volumes/School 2022/RAVE/UE5_Dynamic_Synth/UE5_DynamicSynth/Content/Characters/Mannequins/Textures/Manny/T_Manny_01_D.ubulk" 898
"/Volumes/School 2022/RAVE/UE5_Dynamic_Synth/UE5_DynamicSynth/Content/Characters/Mannequins/Textures/Manny/T_Manny_01_D.uexp" 899
"/Volumes/School 2022/RAVE/UE5_Dynamic_Synth/UE5_DynamicSynth/Content/Characters/Mannequins/Textures/Manny/T_Manny_01_Tan.uasset" 900
"/Volumes/School 2022/RAVE/UE5_Dynamic_Synth/UE5_DynamicSynth/Content/Characters/Mannequins/Textures/Manny/T_Manny_01_Tan.ubulk" 901
"/Volumes/School 2022/RAVE/UE5_Dynamic_Synth/UE5_DynamicSynth/Content/Characters/Mannequins/Textures/Manny/T_Manny_01_Tan.uexp" 902
"/Volumes/School 2022/RAVE/UE5_Dynamic_Synth/UE5_DynamicSynth/Content/Characters/Mannequins/Materials/M_Mannequin.uasset" 903
"/Volumes/School 2022/RAVE/UE5_Dynamic_Synth/UE5_DynamicSynth/Content/Characters/Mannequins/Materials/M_Mannequin.uexp" 904
"/Volumes/School 2022/RAVE/UE5_Dynamic_Synth/UE5_DynamicSynth/Content/Characters/Mannequins/Textures/Quinn/T_Quinn_01_ASAOMASK_MSK.uasset" 905
"/Volumes/School 2022/RAVE/UE5_Dynamic_Synth/UE5_DynamicSynth/Content/Characters/Mannequins/Textures/Quinn/T_Quinn_01_ASAOMASK_MSK.ubulk" 906
"/Volumes/School 2022/RAVE/UE5_Dynamic_Synth/UE5_DynamicSynth/Content/Characters/Mannequins/Textures/Quinn/T_Quinn_01_ASAOMASK_MSK.uexp" 907
"/Volumes/School 2022/RAVE/UE5_Dynamic_Synth/UE5_DynamicSynth/Content/Characters/Mannequins/Textures/Quinn/T_Quinn_01ID_N.uasset" 908
"/Volumes/School 2022/RAVE/UE5_Dynamic_Synth/UE5_DynamicSynth/Content/Characters/Mannequins/Textures/Quinn/T_Quinn_01ID_N.ubulk" 909
"/Volumes/School 2022/RAVE/UE5_Dynamic_Synth/UE5_DynamicSynth/Content/Characters/Mannequins/Textures/Quinn/T_Quinn_01ID_N.uexp" 910
"/Volumes/School 2022/RAVE/UE5_Dynamic_Synth/UE5_DynamicSynth/Content/Characters/Mannequins/Textures/Quinn/T_Quinn_01ID_BN.uasset" 911
"/Volumes/School 2022/RAVE/UE5_Dynamic_Synth/UE5_DynamicSynth/Content/Characters/Mannequins/Textures/Quinn/T_Quinn_01ID_BN.ubulk" 912
"/Volumes/School 2022/RAVE/UE5_Dynamic_Synth/UE5_DynamicSynth/Content/Characters/Mannequins/Textures/Quinn/T_Quinn_01ID_BN.uexp" 913
"/Volumes/School 2022/RAVE/UE5_Dynamic_Synth/UE5_DynamicSynth/Content/Characters/Mannequins/Textures/Quinn/T_Quinn_01ID_D.uasset" 914
"/Volumes/School 2022/RAVE/UE5_Dynamic_Synth/UE5_DynamicSynth/Content/Characters/Mannequins/Textures/Quinn/T_Quinn_01ID_D.ubulk" 915
"/Volumes/School 2022/RAVE/UE5_Dynamic_Synth/UE5_DynamicSynth/Content/Characters/Mannequins/Textures/Quinn/T_Quinn_01ID_D.uexp" 916
"/Volumes/School 2022/RAVE/UE5_Dynamic_Synth/UE5_DynamicSynth/Content/Characters/Mannequins/Textures/Quinn/T_Quinn_01ID_Tan.uasset" 917
"/Volumes/School 2022/RAVE/UE5_Dynamic_Synth/UE5_DynamicSynth/Content/Characters/Mannequins/Textures/Quinn/T_Quinn_01ID_Tan.ubulk" 918
"/Volumes/School 2022/RAVE/UE5_Dynamic_Synth/UE5_DynamicSynth/Content/Characters/Mannequins/Textures/Quinn/T_Quinn_01ID_Tan.uexp" 919
"/Volumes/School 2022/RAVE/UE5_Dynamic_Synth/UE5_DynamicSynth/Content/Characters/Mannequins/Textures/Quinn/T_Quinn_01_CCRCCPlastic_MSK.uasset" 920
"/Volumes/School 2022/RAVE/UE5_Dynamic_Synth/UE5_DynamicSynth/Content/Characters/Mannequins/Textures/Quinn/T_Quinn_01_CCRCCPlastic_MSK.ubulk" 921
"/Volumes/School 2022/RAVE/UE5_Dynamic_Synth/UE5_DynamicSynth/Content/Characters/Mannequins/Textures/Quinn/T_Quinn_01_CCRCCPlastic_MSK.uexp" 922
"/Volumes/School 2022/RAVE/UE5_Dynamic_Synth/UE5_DynamicSynth/Content/Characters/Mannequins/Materials/Instances/Quinn/MI_Quinn_01.uasset" 923
"/Volumes/School 2022/RAVE/UE5_Dynamic_Synth/UE5_DynamicSynth/Content/Characters/Mannequins/Materials/Instances/Quinn/MI_Quinn_01.uexp" 924
"/Volumes/School 2022/RAVE/UE5_Dynamic_Synth/UE5_DynamicSynth/Content/Characters/Mannequins/Textures/Quinn/T_Quinn_02ID_N.uasset" 925
"/Volumes/School 2022/RAVE/UE5_Dynamic_Synth/UE5_DynamicSynth/Content/Characters/Mannequins/Textures/Quinn/T_Quinn_02ID_N.ubulk" 926
"/Volumes/School 2022/RAVE/UE5_Dynamic_Synth/UE5_DynamicSynth/Content/Characters/Mannequins/Textures/Quinn/T_Quinn_02ID_N.uexp" 927
"/Volumes/School 2022/RAVE/UE5_Dynamic_Synth/UE5_DynamicSynth/Content/Characters/Mannequins/Materials/Instances/Quinn/MI_Quinn_02.uasset" 928
"/Volumes/School 2022/RAVE/UE5_Dynamic_Synth/UE5_DynamicSynth/Content/Characters/Mannequins/Materials/Instances/Quinn/MI_Quinn_02.uexp" 929
"/Volumes/School 2022/RAVE/UE5_Dynamic_Synth/UE5_DynamicSynth/Content/Characters/Mannequins/Rigs/PA_Mannequin.uasset" 930
"/Volumes/School 2022/RAVE/UE5_Dynamic_Synth/UE5_DynamicSynth/Content/Characters/Mannequins/Rigs/PA_Mannequin.uexp" 931
"/Volumes/School 2022/RAVE/UE5_Dynamic_Synth/UE5_DynamicSynth/Content/Characters/Mannequins/Meshes/SKM_Quinn_Simple.uasset" 932
"/Volumes/School 2022/RAVE/UE5_Dynamic_Synth/UE5_DynamicSynth/Content/Characters/Mannequins/Meshes/SKM_Quinn_Simple.uexp" 933
"/Volumes/School 2022/RAVE/UE5_Dynamic_Synth/UE5_DynamicSynth/Content/ThirdPerson/Input/Actions/IA_Jump.uasset" 934
"/Volumes/School 2022/RAVE/UE5_Dynamic_Synth/UE5_DynamicSynth/Content/ThirdPerson/Input/Actions/IA_Jump.uexp" 935
"/Volumes/School 2022/RAVE/UE5_Dynamic_Synth/UE5_DynamicSynth/Content/ThirdPerson/Input/Actions/IA_Look.uasset" 936
"/Volumes/School 2022/RAVE/UE5_Dynamic_Synth/UE5_DynamicSynth/Content/ThirdPerson/Input/Actions/IA_Look.uexp" 937
"/Volumes/School 2022/RAVE/UE5_Dynamic_Synth/UE5_DynamicSynth/Content/ThirdPerson/Input/Actions/IA_Move.uasset" 938
"/Volumes/School 2022/RAVE/UE5_Dynamic_Synth/UE5_DynamicSynth/Content/ThirdPerson/Input/Actions/IA_Move.uexp" 939
"/Volumes/School 2022/RAVE/UE5_Dynamic_Synth/UE5_DynamicSynth/Content/ThirdPerson/Input/IMC_Default.uasset" 940
"/Volumes/School 2022/RAVE/UE5_Dynamic_Synth/UE5_DynamicSynth/Content/ThirdPerson/Input/IMC_Default.uexp" 941
"../../../Engine/Content/Animation/DefaultAnimCurveCompressionSettings.uasset" 942
"../../../Engine/Content/Animation/DefaultAnimCurveCompressionSettings.uexp" 943
"../../../Engine/Content/Animation/DefaultAnimBoneCompressionSettings.uasset" 944
"../../../Engine/Content/Animation/DefaultAnimBoneCompressionSettings.uexp" 945
"/Volumes/School 2022/RAVE/UE5_Dynamic_Synth/UE5_DynamicSynth/Content/Characters/Mannequins/Animations/Quinn/MF_Run_Fwd.uasset" 946
"/Volumes/School 2022/RAVE/UE5_Dynamic_Synth/UE5_DynamicSynth/Content/Characters/Mannequins/Animations/Quinn/MF_Run_Fwd.uexp" 947
"/Volumes/School 2022/RAVE/UE5_Dynamic_Synth/UE5_DynamicSynth/Content/Characters/Mannequins/Animations/Quinn/MF_Walk_Fwd.uasset" 948
"/Volumes/School 2022/RAVE/UE5_Dynamic_Synth/UE5_DynamicSynth/Content/Characters/Mannequins/Animations/Quinn/MF_Walk_Fwd.uexp" 949
"../../../Engine/Content/Animation/DefaultRecorderBoneCompression.uasset" 950
"../../../Engine/Content/Animation/DefaultRecorderBoneCompression.uexp" 951
"/Volumes/School 2022/RAVE/UE5_Dynamic_Synth/UE5_DynamicSynth/Content/Characters/Mannequins/Animations/Manny/MM_Walk_InPlace.uasset" 952
"/Volumes/School 2022/RAVE/UE5_Dynamic_Synth/UE5_DynamicSynth/Content/Characters/Mannequins/Animations/Manny/MM_Walk_InPlace.uexp" 953
"/Volumes/School 2022/RAVE/UE5_Dynamic_Synth/UE5_DynamicSynth/Content/Characters/Mannequins/Animations/Quinn/BS_MF_Unarmed_WalkRun.uasset" 954
"/Volumes/School 2022/RAVE/UE5_Dynamic_Synth/UE5_DynamicSynth/Content/Characters/Mannequins/Animations/Quinn/BS_MF_Unarmed_WalkRun.uexp" 955
"/Volumes/School 2022/RAVE/UE5_Dynamic_Synth/UE5_DynamicSynth/Content/Characters/Mannequins/Animations/Quinn/MF_Idle.uasset" 956
"/Volumes/School 2022/RAVE/UE5_Dynamic_Synth/UE5_DynamicSynth/Content/Characters/Mannequins/Animations/Quinn/MF_Idle.uexp" 957
"/Volumes/School 2022/RAVE/UE5_Dynamic_Synth/UE5_DynamicSynth/Content/Characters/Mannequins/Animations/Manny/MM_Fall_Loop.uasset" 958
"/Volumes/School 2022/RAVE/UE5_Dynamic_Synth/UE5_DynamicSynth/Content/Characters/Mannequins/Animations/Manny/MM_Fall_Loop.uexp" 959
"/Volumes/School 2022/RAVE/UE5_Dynamic_Synth/UE5_DynamicSynth/Content/Characters/Mannequins/Animations/Manny/MM_Jump.uasset" 960
"/Volumes/School 2022/RAVE/UE5_Dynamic_Synth/UE5_DynamicSynth/Content/Characters/Mannequins/Animations/Manny/MM_Jump.uexp" 961
"../../../Engine/Plugins/Animation/ControlRig/Content/Controls/DefaultGizmoLibrary.uasset" 962
"../../../Engine/Plugins/Animation/ControlRig/Content/Controls/DefaultGizmoLibrary.uexp" 963
"/Volumes/School 2022/RAVE/UE5_Dynamic_Synth/UE5_DynamicSynth/Content/Characters/Mannequins/Rigs/CR_Mannequin_BasicFootIK.uasset" 964
"/Volumes/School 2022/RAVE/UE5_Dynamic_Synth/UE5_DynamicSynth/Content/Characters/Mannequins/Rigs/CR_Mannequin_BasicFootIK.uexp" 965
"/Volumes/School 2022/RAVE/UE5_Dynamic_Synth/UE5_DynamicSynth/Content/Characters/Mannequins/Animations/Manny/MM_Run_Fwd.uasset" 966
"/Volumes/School 2022/RAVE/UE5_Dynamic_Synth/UE5_DynamicSynth/Content/Characters/Mannequins/Animations/Manny/MM_Run_Fwd.uexp" 967
"/Volumes/School 2022/RAVE/UE5_Dynamic_Synth/UE5_DynamicSynth/Content/Characters/Mannequins/Animations/Manny/MM_Walk_Fwd.uasset" 968
"/Volumes/School 2022/RAVE/UE5_Dynamic_Synth/UE5_DynamicSynth/Content/Characters/Mannequins/Animations/Manny/MM_Walk_Fwd.uexp" 969
"/Volumes/School 2022/RAVE/UE5_Dynamic_Synth/UE5_DynamicSynth/Content/Characters/Mannequins/Animations/Manny/BS_MM_WalkRun.uasset" 970
"/Volumes/School 2022/RAVE/UE5_Dynamic_Synth/UE5_DynamicSynth/Content/Characters/Mannequins/Animations/Manny/BS_MM_WalkRun.uexp" 971
"/Volumes/School 2022/RAVE/UE5_Dynamic_Synth/UE5_DynamicSynth/Content/Characters/Mannequins/Animations/Manny/MM_Land.uasset" 972
"/Volumes/School 2022/RAVE/UE5_Dynamic_Synth/UE5_DynamicSynth/Content/Characters/Mannequins/Animations/Manny/MM_Land.uexp" 973
"/Volumes/School 2022/RAVE/UE5_Dynamic_Synth/UE5_DynamicSynth/Content/Characters/Mannequins/Animations/Manny/MM_Idle.uasset" 974
"/Volumes/School 2022/RAVE/UE5_Dynamic_Synth/UE5_DynamicSynth/Content/Characters/Mannequins/Animations/Manny/MM_Idle.uexp" 975
"/Volumes/School 2022/RAVE/UE5_Dynamic_Synth/UE5_DynamicSynth/Content/Characters/Mannequins/Animations/ABP_Manny.uasset" 976
"/Volumes/School 2022/RAVE/UE5_Dynamic_Synth/UE5_DynamicSynth/Content/Characters/Mannequins/Animations/ABP_Manny.uexp" 977
"/Volumes/School 2022/RAVE/UE5_Dynamic_Synth/UE5_DynamicSynth/Content/Characters/Mannequins/Animations/ABP_Quinn.uasset" 978
"/Volumes/School 2022/RAVE/UE5_Dynamic_Synth/UE5_DynamicSynth/Content/Characters/Mannequins/Animations/ABP_Quinn.uexp" 979
"/Volumes/School 2022/RAVE/UE5_Dynamic_Synth/UE5_DynamicSynth/Content/ThirdPerson/Blueprints/BP_ThirdPersonCharacter.uasset" 980
"/Volumes/School 2022/RAVE/UE5_Dynamic_Synth/UE5_DynamicSynth/Content/ThirdPerson/Blueprints/BP_ThirdPersonCharacter.uexp" 981
"/Volumes/School 2022/RAVE/UE5_Dynamic_Synth/UE5_DynamicSynth/Content/ThirdPerson/Blueprints/BP_ThirdPersonGameMode.uasset" 982
"/Volumes/School 2022/RAVE/UE5_Dynamic_Synth/UE5_DynamicSynth/Content/ThirdPerson/Blueprints/BP_ThirdPersonGameMode.uexp" 983
"/Volumes/School 2022/RAVE/UE5_Dynamic_Synth/UE5_DynamicSynth/Content/Levels/DynamicSynth.umap" 984
"/Volumes/School 2022/RAVE/UE5_Dynamic_Synth/UE5_DynamicSynth/Content/Levels/DynamicSynth.uexp" 985
"/Volumes/School 2022/RAVE/UE5_Dynamic_Synth/UE5_DynamicSynth/Content/Levels/_GENERATED/austintecks/Stairs_8E6EB4A4.uasset" 986
"/Volumes/School 2022/RAVE/UE5_Dynamic_Synth/UE5_DynamicSynth/Content/Levels/_GENERATED/austintecks/Stairs_8E6EB4A4.ubulk" 987
"/Volumes/School 2022/RAVE/UE5_Dynamic_Synth/UE5_DynamicSynth/Content/Levels/_GENERATED/austintecks/Stairs_8E6EB4A4.uexp" 988
"../../../Engine/Content/EngineSky/M_SimpleSkyDome.uasset" 989
"../../../Engine/Content/EngineSky/M_SimpleSkyDome.uexp" 990
"/Volumes/School 2022/RAVE/UE5_Dynamic_Synth/UE5_DynamicSynth/Content/Levels/DynamicSpeed.umap" 991
"/Volumes/School 2022/RAVE/UE5_Dynamic_Synth/UE5_DynamicSynth/Content/Levels/DynamicSpeed.uexp" 992
"/Volumes/School 2022/RAVE/UE5_Dynamic_Synth/UE5_DynamicSynth/Content/_GENERATED/Research/CSGMesh_EE3532C2.uasset" 993
"/Volumes/School 2022/RAVE/UE5_Dynamic_Synth/UE5_DynamicSynth/Content/_GENERATED/Research/CSGMesh_EE3532C2.ubulk" 994
"/Volumes/School 2022/RAVE/UE5_Dynamic_Synth/UE5_DynamicSynth/Content/_GENERATED/Research/CSGMesh_EE3532C2.uexp" 995
"../../../Engine/Plugins/Enterprise/DatasmithContent/Content/Materials/AliasReference.uasset" 996
"../../../Engine/Plugins/Enterprise/DatasmithContent/Content/Materials/AliasReference.uexp" 997
"../../../Engine/Content/EngineDebugMaterials/WireframeMaterial.uasset" 998
"../../../Engine/Content/EngineDebugMaterials/WireframeMaterial.uexp" 999
"/Volumes/School 2022/RAVE/UE5_Dynamic_Synth/UE5_DynamicSynth/Content/Blueprints/BPLevelVolume.uasset" 1000
"/Volumes/School 2022/RAVE/UE5_Dynamic_Synth/UE5_DynamicSynth/Content/Blueprints/BPLevelVolume.uexp" 1001
"../../../Engine/Content/EngineMaterials/DefaultPhysicalMaterial.uasset" 1002
"../../../Engine/Content/EngineMaterials/DefaultPhysicalMaterial.uexp" 1003
"/Volumes/School 2022/RAVE/UE5_Dynamic_Synth/UE5_DynamicSynth/Content/Levels/Lobby_BuiltData.uasset" 1004
"/Volumes/School 2022/RAVE/UE5_Dynamic_Synth/UE5_DynamicSynth/Content/Levels/Lobby_BuiltData.ubulk" 1005
"/Volumes/School 2022/RAVE/UE5_Dynamic_Synth/UE5_DynamicSynth/Content/Levels/Lobby_BuiltData.uexp" 1006
"/Volumes/School 2022/RAVE/UE5_Dynamic_Synth/UE5_DynamicSynth/Content/Levels/Lobby.umap" 1007
"/Volumes/School 2022/RAVE/UE5_Dynamic_Synth/UE5_DynamicSynth/Content/Levels/Lobby.uexp" 1008
"../../../Engine/Content/Maps/Entry_BuiltData.uasset" 1009
"../../../Engine/Content/Maps/Entry_BuiltData.uexp" 1010
"../../../Engine/Content/Maps/Entry.umap" 1011
"../../../Engine/Content/Maps/Entry.uexp" 1012
